2026-04-28 19:37:03 +07:00: Closing open session in favor of incoming prekey bundle
2026-05-03 16:59:28 +07:00: Failed to decrypt message with any known session...
2026-05-03 16:59:28 +07:00: Session error:Error: Bad MAC Error: Bad MAC
2026-05-03 16:59:28 +07:00:     at Object.verifyMAC (/www/wwwroot/wa-radius.binjaidc.com/node_modules/libsignal/src/crypto.js:87:15)
2026-05-03 16:59:28 +07:00:     at SessionCipher.doDecryptWhisperMessage (/www/wwwroot/wa-radius.binjaidc.com/node_modules/libsignal/src/session_cipher.js:250:16)
2026-05-03 16:59:28 +07:00:     at async SessionCipher.decryptWithSessions (/www/wwwroot/wa-radius.binjaidc.com/node_modules/libsignal/src/session_cipher.js:147:29)
2026-05-03 16:59:28 +07:00:     at async 148060592144628.0 [as awaitable] (/www/wwwroot/wa-radius.binjaidc.com/node_modules/libsignal/src/session_cipher.js:171:28)
2026-05-03 16:59:28 +07:00:     at async _asyncQueueExecutor (/www/wwwroot/wa-radius.binjaidc.com/node_modules/libsignal/src/queue_job.js:20:29)
2026-05-03 16:59:33 +07:00: Failed to decrypt message with any known session...
2026-05-03 16:59:33 +07:00: Session error:Error: Bad MAC Error: Bad MAC
2026-05-03 16:59:33 +07:00:     at Object.verifyMAC (/www/wwwroot/wa-radius.binjaidc.com/node_modules/libsignal/src/crypto.js:87:15)
2026-05-03 16:59:33 +07:00:     at SessionCipher.doDecryptWhisperMessage (/www/wwwroot/wa-radius.binjaidc.com/node_modules/libsignal/src/session_cipher.js:250:16)
2026-05-03 16:59:33 +07:00:     at process.processTicksAndRejections (node:internal/process/task_queues:95:5)
2026-05-03 16:59:33 +07:00:     at async SessionCipher.decryptWithSessions (/www/wwwroot/wa-radius.binjaidc.com/node_modules/libsignal/src/session_cipher.js:147:29)
2026-05-03 16:59:33 +07:00:     at async 148060592144628.0 [as awaitable] (/www/wwwroot/wa-radius.binjaidc.com/node_modules/libsignal/src/session_cipher.js:171:28)
2026-05-03 16:59:33 +07:00:     at async _asyncQueueExecutor (/www/wwwroot/wa-radius.binjaidc.com/node_modules/libsignal/src/queue_job.js:20:29)
2026-05-03 16:59:34 +07:00: Closing open session in favor of incoming prekey bundle
2026-05-12 20:33:59 +07:00: Failed to decrypt message with any known session...
2026-05-12 20:33:59 +07:00: Session error:Error: Bad MAC Error: Bad MAC
2026-05-12 20:33:59 +07:00:     at Object.verifyMAC (/www/wwwroot/wa-radius.binjaidc.com/node_modules/libsignal/src/crypto.js:87:15)
2026-05-12 20:33:59 +07:00:     at SessionCipher.doDecryptWhisperMessage (/www/wwwroot/wa-radius.binjaidc.com/node_modules/libsignal/src/session_cipher.js:250:16)
2026-05-12 20:33:59 +07:00:     at async SessionCipher.decryptWithSessions (/www/wwwroot/wa-radius.binjaidc.com/node_modules/libsignal/src/session_cipher.js:147:29)
2026-05-12 20:33:59 +07:00:     at async 37448340009017.0 [as awaitable] (/www/wwwroot/wa-radius.binjaidc.com/node_modules/libsignal/src/session_cipher.js:171:28)
2026-05-12 20:33:59 +07:00:     at async _asyncQueueExecutor (/www/wwwroot/wa-radius.binjaidc.com/node_modules/libsignal/src/queue_job.js:20:29)
2026-05-12 20:34:04 +07:00: Failed to decrypt message with any known session...
2026-05-12 20:34:04 +07:00: Session error:Error: Bad MAC Error: Bad MAC
2026-05-12 20:34:04 +07:00:     at Object.verifyMAC (/www/wwwroot/wa-radius.binjaidc.com/node_modules/libsignal/src/crypto.js:87:15)
2026-05-12 20:34:04 +07:00:     at SessionCipher.doDecryptWhisperMessage (/www/wwwroot/wa-radius.binjaidc.com/node_modules/libsignal/src/session_cipher.js:250:16)
2026-05-12 20:34:04 +07:00:     at process.processTicksAndRejections (node:internal/process/task_queues:95:5)
2026-05-12 20:34:04 +07:00:     at async SessionCipher.decryptWithSessions (/www/wwwroot/wa-radius.binjaidc.com/node_modules/libsignal/src/session_cipher.js:147:29)
2026-05-12 20:34:04 +07:00:     at async 37448340009017.0 [as awaitable] (/www/wwwroot/wa-radius.binjaidc.com/node_modules/libsignal/src/session_cipher.js:171:28)
2026-05-12 20:34:04 +07:00:     at async _asyncQueueExecutor (/www/wwwroot/wa-radius.binjaidc.com/node_modules/libsignal/src/queue_job.js:20:29)
2026-05-12 20:34:06 +07:00: Closing open session in favor of incoming prekey bundle
2026-05-13 06:50:49 +07:00: Failed to decrypt message with any known session...
2026-05-13 06:50:49 +07:00: Session error:Error: Bad MAC Error: Bad MAC
2026-05-13 06:50:49 +07:00:     at Object.verifyMAC (/www/wwwroot/wa-radius.binjaidc.com/node_modules/libsignal/src/crypto.js:87:15)
2026-05-13 06:50:49 +07:00:     at SessionCipher.doDecryptWhisperMessage (/www/wwwroot/wa-radius.binjaidc.com/node_modules/libsignal/src/session_cipher.js:250:16)
2026-05-13 06:50:49 +07:00:     at async SessionCipher.decryptWithSessions (/www/wwwroot/wa-radius.binjaidc.com/node_modules/libsignal/src/session_cipher.js:147:29)
2026-05-13 06:50:49 +07:00:     at async 192015757242413.0 [as awaitable] (/www/wwwroot/wa-radius.binjaidc.com/node_modules/libsignal/src/session_cipher.js:171:28)
2026-05-13 06:50:49 +07:00:     at async _asyncQueueExecutor (/www/wwwroot/wa-radius.binjaidc.com/node_modules/libsignal/src/queue_job.js:20:29)
2026-05-13 06:50:55 +07:00: Failed to decrypt message with any known session...
2026-05-13 06:50:55 +07:00: Session error:Error: Bad MAC Error: Bad MAC
2026-05-13 06:50:55 +07:00:     at Object.verifyMAC (/www/wwwroot/wa-radius.binjaidc.com/node_modules/libsignal/src/crypto.js:87:15)
2026-05-13 06:50:55 +07:00:     at SessionCipher.doDecryptWhisperMessage (/www/wwwroot/wa-radius.binjaidc.com/node_modules/libsignal/src/session_cipher.js:250:16)
2026-05-13 06:50:55 +07:00:     at process.processTicksAndRejections (node:internal/process/task_queues:95:5)
2026-05-13 06:50:55 +07:00:     at async SessionCipher.decryptWithSessions (/www/wwwroot/wa-radius.binjaidc.com/node_modules/libsignal/src/session_cipher.js:147:29)
2026-05-13 06:50:55 +07:00:     at async 192015757242413.0 [as awaitable] (/www/wwwroot/wa-radius.binjaidc.com/node_modules/libsignal/src/session_cipher.js:171:28)
2026-05-13 06:50:55 +07:00:     at async _asyncQueueExecutor (/www/wwwroot/wa-radius.binjaidc.com/node_modules/libsignal/src/queue_job.js:20:29)
2026-05-13 06:50:55 +07:00: Closing open session in favor of incoming prekey bundle
2026-05-19 11:22:00 +07:00: Failed to decrypt message with any known session...
2026-05-19 11:22:00 +07:00: Session error:Error: Bad MAC Error: Bad MAC
2026-05-19 11:22:00 +07:00:     at Object.verifyMAC (/www/wwwroot/wa-radius.binjaidc.com/node_modules/libsignal/src/crypto.js:87:15)
2026-05-19 11:22:00 +07:00:     at SessionCipher.doDecryptWhisperMessage (/www/wwwroot/wa-radius.binjaidc.com/node_modules/libsignal/src/session_cipher.js:250:16)
2026-05-19 11:22:00 +07:00:     at async SessionCipher.decryptWithSessions (/www/wwwroot/wa-radius.binjaidc.com/node_modules/libsignal/src/session_cipher.js:147:29)
2026-05-19 11:22:00 +07:00:     at async 192015757242413.0 [as awaitable] (/www/wwwroot/wa-radius.binjaidc.com/node_modules/libsignal/src/session_cipher.js:171:28)
2026-05-19 11:22:00 +07:00:     at async _asyncQueueExecutor (/www/wwwroot/wa-radius.binjaidc.com/node_modules/libsignal/src/queue_job.js:20:29)
2026-05-19 11:22:00 +07:00: Session error:Error: Bad MAC Error: Bad MAC
2026-05-19 11:22:00 +07:00:     at Object.verifyMAC (/www/wwwroot/wa-radius.binjaidc.com/node_modules/libsignal/src/crypto.js:87:15)
2026-05-19 11:22:00 +07:00:     at SessionCipher.doDecryptWhisperMessage (/www/wwwroot/wa-radius.binjaidc.com/node_modules/libsignal/src/session_cipher.js:250:16)
2026-05-19 11:22:00 +07:00:     at async SessionCipher.decryptWithSessions (/www/wwwroot/wa-radius.binjaidc.com/node_modules/libsignal/src/session_cipher.js:147:29)
2026-05-19 11:22:00 +07:00:     at async 192015757242413.0 [as awaitable] (/www/wwwroot/wa-radius.binjaidc.com/node_modules/libsignal/src/session_cipher.js:171:28)
2026-05-19 11:22:00 +07:00:     at async _asyncQueueExecutor (/www/wwwroot/wa-radius.binjaidc.com/node_modules/libsignal/src/queue_job.js:20:29)
2026-05-19 11:22:05 +07:00: Failed to decrypt message with any known session...
2026-05-19 11:22:05 +07:00: Session error:Error: Bad MAC Error: Bad MAC
2026-05-19 11:22:05 +07:00:     at Object.verifyMAC (/www/wwwroot/wa-radius.binjaidc.com/node_modules/libsignal/src/crypto.js:87:15)
2026-05-19 11:22:05 +07:00:     at SessionCipher.doDecryptWhisperMessage (/www/wwwroot/wa-radius.binjaidc.com/node_modules/libsignal/src/session_cipher.js:250:16)
2026-05-19 11:22:05 +07:00:     at process.processTicksAndRejections (node:internal/process/task_queues:95:5)
2026-05-19 11:22:05 +07:00:     at async SessionCipher.decryptWithSessions (/www/wwwroot/wa-radius.binjaidc.com/node_modules/libsignal/src/session_cipher.js:147:29)
2026-05-19 11:22:05 +07:00:     at async 192015757242413.0 [as awaitable] (/www/wwwroot/wa-radius.binjaidc.com/node_modules/libsignal/src/session_cipher.js:171:28)
2026-05-19 11:22:05 +07:00:     at async _asyncQueueExecutor (/www/wwwroot/wa-radius.binjaidc.com/node_modules/libsignal/src/queue_job.js:20:29)
2026-05-19 11:22:05 +07:00: Session error:Error: Bad MAC Error: Bad MAC
2026-05-19 11:22:05 +07:00:     at Object.verifyMAC (/www/wwwroot/wa-radius.binjaidc.com/node_modules/libsignal/src/crypto.js:87:15)
2026-05-19 11:22:05 +07:00:     at SessionCipher.doDecryptWhisperMessage (/www/wwwroot/wa-radius.binjaidc.com/node_modules/libsignal/src/session_cipher.js:250:16)
2026-05-19 11:22:05 +07:00:     at process.processTicksAndRejections (node:internal/process/task_queues:95:5)
2026-05-19 11:22:05 +07:00:     at async SessionCipher.decryptWithSessions (/www/wwwroot/wa-radius.binjaidc.com/node_modules/libsignal/src/session_cipher.js:147:29)
2026-05-19 11:22:05 +07:00:     at async 192015757242413.0 [as awaitable] (/www/wwwroot/wa-radius.binjaidc.com/node_modules/libsignal/src/session_cipher.js:171:28)
2026-05-19 11:22:05 +07:00:     at async _asyncQueueExecutor (/www/wwwroot/wa-radius.binjaidc.com/node_modules/libsignal/src/queue_job.js:20:29)
2026-05-19 11:22:06 +07:00: Failed to decrypt message with any known session...
2026-05-19 11:22:06 +07:00: Session error:Error: Bad MAC Error: Bad MAC
2026-05-19 11:22:06 +07:00:     at Object.verifyMAC (/www/wwwroot/wa-radius.binjaidc.com/node_modules/libsignal/src/crypto.js:87:15)
2026-05-19 11:22:06 +07:00:     at SessionCipher.doDecryptWhisperMessage (/www/wwwroot/wa-radius.binjaidc.com/node_modules/libsignal/src/session_cipher.js:250:16)
2026-05-19 11:22:06 +07:00:     at async SessionCipher.decryptWithSessions (/www/wwwroot/wa-radius.binjaidc.com/node_modules/libsignal/src/session_cipher.js:147:29)
2026-05-19 11:22:06 +07:00:     at async 192015757242413.0 [as awaitable] (/www/wwwroot/wa-radius.binjaidc.com/node_modules/libsignal/src/session_cipher.js:171:28)
2026-05-19 11:22:06 +07:00:     at async _asyncQueueExecutor (/www/wwwroot/wa-radius.binjaidc.com/node_modules/libsignal/src/queue_job.js:20:29)
2026-05-19 11:22:06 +07:00: Session error:Error: Bad MAC Error: Bad MAC
2026-05-19 11:22:06 +07:00:     at Object.verifyMAC (/www/wwwroot/wa-radius.binjaidc.com/node_modules/libsignal/src/crypto.js:87:15)
2026-05-19 11:22:06 +07:00:     at SessionCipher.doDecryptWhisperMessage (/www/wwwroot/wa-radius.binjaidc.com/node_modules/libsignal/src/session_cipher.js:250:16)
2026-05-19 11:22:06 +07:00:     at async SessionCipher.decryptWithSessions (/www/wwwroot/wa-radius.binjaidc.com/node_modules/libsignal/src/session_cipher.js:147:29)
2026-05-19 11:22:06 +07:00:     at async 192015757242413.0 [as awaitable] (/www/wwwroot/wa-radius.binjaidc.com/node_modules/libsignal/src/session_cipher.js:171:28)
2026-05-19 11:22:06 +07:00:     at async _asyncQueueExecutor (/www/wwwroot/wa-radius.binjaidc.com/node_modules/libsignal/src/queue_job.js:20:29)
2026-05-19 11:22:11 +07:00: Failed to decrypt message with any known session...
2026-05-19 11:22:11 +07:00: Session error:Error: Bad MAC Error: Bad MAC
2026-05-19 11:22:11 +07:00:     at Object.verifyMAC (/www/wwwroot/wa-radius.binjaidc.com/node_modules/libsignal/src/crypto.js:87:15)
2026-05-19 11:22:11 +07:00:     at SessionCipher.doDecryptWhisperMessage (/www/wwwroot/wa-radius.binjaidc.com/node_modules/libsignal/src/session_cipher.js:250:16)
2026-05-19 11:22:11 +07:00:     at async SessionCipher.decryptWithSessions (/www/wwwroot/wa-radius.binjaidc.com/node_modules/libsignal/src/session_cipher.js:147:29)
2026-05-19 11:22:11 +07:00:     at async 192015757242413.0 [as awaitable] (/www/wwwroot/wa-radius.binjaidc.com/node_modules/libsignal/src/session_cipher.js:171:28)
2026-05-19 11:22:11 +07:00:     at async _asyncQueueExecutor (/www/wwwroot/wa-radius.binjaidc.com/node_modules/libsignal/src/queue_job.js:20:29)
2026-05-19 11:22:11 +07:00: Session error:Error: Bad MAC Error: Bad MAC
2026-05-19 11:22:11 +07:00:     at Object.verifyMAC (/www/wwwroot/wa-radius.binjaidc.com/node_modules/libsignal/src/crypto.js:87:15)
2026-05-19 11:22:11 +07:00:     at SessionCipher.doDecryptWhisperMessage (/www/wwwroot/wa-radius.binjaidc.com/node_modules/libsignal/src/session_cipher.js:250:16)
2026-05-19 11:22:11 +07:00:     at async SessionCipher.decryptWithSessions (/www/wwwroot/wa-radius.binjaidc.com/node_modules/libsignal/src/session_cipher.js:147:29)
2026-05-19 11:22:11 +07:00:     at async 192015757242413.0 [as awaitable] (/www/wwwroot/wa-radius.binjaidc.com/node_modules/libsignal/src/session_cipher.js:171:28)
2026-05-19 11:22:11 +07:00:     at async _asyncQueueExecutor (/www/wwwroot/wa-radius.binjaidc.com/node_modules/libsignal/src/queue_job.js:20:29)
2026-05-19 11:22:11 +07:00: Closing open session in favor of incoming prekey bundle
2026-05-19 11:22:12 +07:00: Closing open session in favor of incoming prekey bundle
2026-05-19 18:53:14 +07:00: Failed to decrypt message with any known session...
2026-05-19 18:53:14 +07:00: Session error:Error: Bad MAC Error: Bad MAC
2026-05-19 18:53:14 +07:00:     at Object.verifyMAC (/www/wwwroot/wa-radius.binjaidc.com/node_modules/libsignal/src/crypto.js:87:15)
2026-05-19 18:53:14 +07:00:     at SessionCipher.doDecryptWhisperMessage (/www/wwwroot/wa-radius.binjaidc.com/node_modules/libsignal/src/session_cipher.js:250:16)
2026-05-19 18:53:14 +07:00:     at async SessionCipher.decryptWithSessions (/www/wwwroot/wa-radius.binjaidc.com/node_modules/libsignal/src/session_cipher.js:147:29)
2026-05-19 18:53:14 +07:00:     at async 192015757242413.0 [as awaitable] (/www/wwwroot/wa-radius.binjaidc.com/node_modules/libsignal/src/session_cipher.js:171:28)
2026-05-19 18:53:14 +07:00:     at async _asyncQueueExecutor (/www/wwwroot/wa-radius.binjaidc.com/node_modules/libsignal/src/queue_job.js:20:29)
2026-05-19 18:53:14 +07:00: Session error:Error: Bad MAC Error: Bad MAC
2026-05-19 18:53:14 +07:00:     at Object.verifyMAC (/www/wwwroot/wa-radius.binjaidc.com/node_modules/libsignal/src/crypto.js:87:15)
2026-05-19 18:53:14 +07:00:     at SessionCipher.doDecryptWhisperMessage (/www/wwwroot/wa-radius.binjaidc.com/node_modules/libsignal/src/session_cipher.js:250:16)
2026-05-19 18:53:14 +07:00:     at async SessionCipher.decryptWithSessions (/www/wwwroot/wa-radius.binjaidc.com/node_modules/libsignal/src/session_cipher.js:147:29)
2026-05-19 18:53:14 +07:00:     at async 192015757242413.0 [as awaitable] (/www/wwwroot/wa-radius.binjaidc.com/node_modules/libsignal/src/session_cipher.js:171:28)
2026-05-19 18:53:14 +07:00:     at async _asyncQueueExecutor (/www/wwwroot/wa-radius.binjaidc.com/node_modules/libsignal/src/queue_job.js:20:29)
2026-05-19 18:53:14 +07:00: Session error:Error: Bad MAC Error: Bad MAC
2026-05-19 18:53:14 +07:00:     at Object.verifyMAC (/www/wwwroot/wa-radius.binjaidc.com/node_modules/libsignal/src/crypto.js:87:15)
2026-05-19 18:53:14 +07:00:     at SessionCipher.doDecryptWhisperMessage (/www/wwwroot/wa-radius.binjaidc.com/node_modules/libsignal/src/session_cipher.js:250:16)
2026-05-19 18:53:14 +07:00:     at async SessionCipher.decryptWithSessions (/www/wwwroot/wa-radius.binjaidc.com/node_modules/libsignal/src/session_cipher.js:147:29)
2026-05-19 18:53:14 +07:00:     at async 192015757242413.0 [as awaitable] (/www/wwwroot/wa-radius.binjaidc.com/node_modules/libsignal/src/session_cipher.js:171:28)
2026-05-19 18:53:14 +07:00:     at async _asyncQueueExecutor (/www/wwwroot/wa-radius.binjaidc.com/node_modules/libsignal/src/queue_job.js:20:29)
2026-05-19 18:53:14 +07:00: Session error:Error: Bad MAC Error: Bad MAC
2026-05-19 18:53:14 +07:00:     at Object.verifyMAC (/www/wwwroot/wa-radius.binjaidc.com/node_modules/libsignal/src/crypto.js:87:15)
2026-05-19 18:53:14 +07:00:     at SessionCipher.doDecryptWhisperMessage (/www/wwwroot/wa-radius.binjaidc.com/node_modules/libsignal/src/session_cipher.js:250:16)
2026-05-19 18:53:14 +07:00:     at async SessionCipher.decryptWithSessions (/www/wwwroot/wa-radius.binjaidc.com/node_modules/libsignal/src/session_cipher.js:147:29)
2026-05-19 18:53:14 +07:00:     at async 192015757242413.0 [as awaitable] (/www/wwwroot/wa-radius.binjaidc.com/node_modules/libsignal/src/session_cipher.js:171:28)
2026-05-19 18:53:14 +07:00:     at async _asyncQueueExecutor (/www/wwwroot/wa-radius.binjaidc.com/node_modules/libsignal/src/queue_job.js:20:29)
2026-05-19 18:53:20 +07:00: Failed to decrypt message with any known session...
2026-05-19 18:53:20 +07:00: Session error:Error: Bad MAC Error: Bad MAC
2026-05-19 18:53:20 +07:00:     at Object.verifyMAC (/www/wwwroot/wa-radius.binjaidc.com/node_modules/libsignal/src/crypto.js:87:15)
2026-05-19 18:53:20 +07:00:     at SessionCipher.doDecryptWhisperMessage (/www/wwwroot/wa-radius.binjaidc.com/node_modules/libsignal/src/session_cipher.js:250:16)
2026-05-19 18:53:20 +07:00:     at async SessionCipher.decryptWithSessions (/www/wwwroot/wa-radius.binjaidc.com/node_modules/libsignal/src/session_cipher.js:147:29)
2026-05-19 18:53:20 +07:00:     at async 192015757242413.0 [as awaitable] (/www/wwwroot/wa-radius.binjaidc.com/node_modules/libsignal/src/session_cipher.js:171:28)
2026-05-19 18:53:20 +07:00:     at async _asyncQueueExecutor (/www/wwwroot/wa-radius.binjaidc.com/node_modules/libsignal/src/queue_job.js:20:29)
2026-05-19 18:53:20 +07:00: Session error:Error: Bad MAC Error: Bad MAC
2026-05-19 18:53:20 +07:00:     at Object.verifyMAC (/www/wwwroot/wa-radius.binjaidc.com/node_modules/libsignal/src/crypto.js:87:15)
2026-05-19 18:53:20 +07:00:     at SessionCipher.doDecryptWhisperMessage (/www/wwwroot/wa-radius.binjaidc.com/node_modules/libsignal/src/session_cipher.js:250:16)
2026-05-19 18:53:20 +07:00:     at async SessionCipher.decryptWithSessions (/www/wwwroot/wa-radius.binjaidc.com/node_modules/libsignal/src/session_cipher.js:147:29)
2026-05-19 18:53:20 +07:00:     at async 192015757242413.0 [as awaitable] (/www/wwwroot/wa-radius.binjaidc.com/node_modules/libsignal/src/session_cipher.js:171:28)
2026-05-19 18:53:20 +07:00:     at async _asyncQueueExecutor (/www/wwwroot/wa-radius.binjaidc.com/node_modules/libsignal/src/queue_job.js:20:29)
2026-05-19 18:53:20 +07:00: Session error:Error: Bad MAC Error: Bad MAC
2026-05-19 18:53:20 +07:00:     at Object.verifyMAC (/www/wwwroot/wa-radius.binjaidc.com/node_modules/libsignal/src/crypto.js:87:15)
2026-05-19 18:53:20 +07:00:     at SessionCipher.doDecryptWhisperMessage (/www/wwwroot/wa-radius.binjaidc.com/node_modules/libsignal/src/session_cipher.js:250:16)
2026-05-19 18:53:20 +07:00:     at async SessionCipher.decryptWithSessions (/www/wwwroot/wa-radius.binjaidc.com/node_modules/libsignal/src/session_cipher.js:147:29)
2026-05-19 18:53:20 +07:00:     at async 192015757242413.0 [as awaitable] (/www/wwwroot/wa-radius.binjaidc.com/node_modules/libsignal/src/session_cipher.js:171:28)
2026-05-19 18:53:20 +07:00:     at async _asyncQueueExecutor (/www/wwwroot/wa-radius.binjaidc.com/node_modules/libsignal/src/queue_job.js:20:29)
2026-05-19 18:53:20 +07:00: Session error:Error: Bad MAC Error: Bad MAC
2026-05-19 18:53:20 +07:00:     at Object.verifyMAC (/www/wwwroot/wa-radius.binjaidc.com/node_modules/libsignal/src/crypto.js:87:15)
2026-05-19 18:53:20 +07:00:     at SessionCipher.doDecryptWhisperMessage (/www/wwwroot/wa-radius.binjaidc.com/node_modules/libsignal/src/session_cipher.js:250:16)
2026-05-19 18:53:20 +07:00:     at async SessionCipher.decryptWithSessions (/www/wwwroot/wa-radius.binjaidc.com/node_modules/libsignal/src/session_cipher.js:147:29)
2026-05-19 18:53:20 +07:00:     at async 192015757242413.0 [as awaitable] (/www/wwwroot/wa-radius.binjaidc.com/node_modules/libsignal/src/session_cipher.js:171:28)
2026-05-19 18:53:20 +07:00:     at async _asyncQueueExecutor (/www/wwwroot/wa-radius.binjaidc.com/node_modules/libsignal/src/queue_job.js:20:29)
2026-05-19 18:53:21 +07:00: Closing open session in favor of incoming prekey bundle
2026-05-21 21:53:15 +07:00: Failed to decrypt message with any known session...
2026-05-21 21:53:15 +07:00: Session error:Error: Bad MAC Error: Bad MAC
2026-05-21 21:53:15 +07:00:     at Object.verifyMAC (/www/wwwroot/wa-radius.binjaidc.com/node_modules/libsignal/src/crypto.js:87:15)
2026-05-21 21:53:15 +07:00:     at SessionCipher.doDecryptWhisperMessage (/www/wwwroot/wa-radius.binjaidc.com/node_modules/libsignal/src/session_cipher.js:250:16)
2026-05-21 21:53:15 +07:00:     at async SessionCipher.decryptWithSessions (/www/wwwroot/wa-radius.binjaidc.com/node_modules/libsignal/src/session_cipher.js:147:29)
2026-05-21 21:53:15 +07:00:     at async 192015757242413.0 [as awaitable] (/www/wwwroot/wa-radius.binjaidc.com/node_modules/libsignal/src/session_cipher.js:171:28)
2026-05-21 21:53:15 +07:00:     at async _asyncQueueExecutor (/www/wwwroot/wa-radius.binjaidc.com/node_modules/libsignal/src/queue_job.js:20:29)
2026-05-21 21:53:15 +07:00: Failed to decrypt message with any known session...
2026-05-21 21:53:15 +07:00: Session error:Error: Bad MAC Error: Bad MAC
2026-05-21 21:53:15 +07:00:     at Object.verifyMAC (/www/wwwroot/wa-radius.binjaidc.com/node_modules/libsignal/src/crypto.js:87:15)
2026-05-21 21:53:15 +07:00:     at SessionCipher.doDecryptWhisperMessage (/www/wwwroot/wa-radius.binjaidc.com/node_modules/libsignal/src/session_cipher.js:250:16)
2026-05-21 21:53:15 +07:00:     at async SessionCipher.decryptWithSessions (/www/wwwroot/wa-radius.binjaidc.com/node_modules/libsignal/src/session_cipher.js:147:29)
2026-05-21 21:53:15 +07:00:     at async 192015757242413.0 [as awaitable] (/www/wwwroot/wa-radius.binjaidc.com/node_modules/libsignal/src/session_cipher.js:171:28)
2026-05-21 21:53:15 +07:00:     at async _asyncQueueExecutor (/www/wwwroot/wa-radius.binjaidc.com/node_modules/libsignal/src/queue_job.js:20:29)
2026-05-21 21:53:15 +07:00: Session error:Error: Bad MAC Error: Bad MAC
2026-05-21 21:53:15 +07:00:     at Object.verifyMAC (/www/wwwroot/wa-radius.binjaidc.com/node_modules/libsignal/src/crypto.js:87:15)
2026-05-21 21:53:15 +07:00:     at SessionCipher.doDecryptWhisperMessage (/www/wwwroot/wa-radius.binjaidc.com/node_modules/libsignal/src/session_cipher.js:250:16)
2026-05-21 21:53:15 +07:00:     at async SessionCipher.decryptWithSessions (/www/wwwroot/wa-radius.binjaidc.com/node_modules/libsignal/src/session_cipher.js:147:29)
2026-05-21 21:53:15 +07:00:     at async 192015757242413.0 [as awaitable] (/www/wwwroot/wa-radius.binjaidc.com/node_modules/libsignal/src/session_cipher.js:171:28)
2026-05-21 21:53:15 +07:00:     at async _asyncQueueExecutor (/www/wwwroot/wa-radius.binjaidc.com/node_modules/libsignal/src/queue_job.js:20:29)
2026-05-21 21:53:15 +07:00: Session error:Error: Bad MAC Error: Bad MAC
2026-05-21 21:53:15 +07:00:     at Object.verifyMAC (/www/wwwroot/wa-radius.binjaidc.com/node_modules/libsignal/src/crypto.js:87:15)
2026-05-21 21:53:15 +07:00:     at SessionCipher.doDecryptWhisperMessage (/www/wwwroot/wa-radius.binjaidc.com/node_modules/libsignal/src/session_cipher.js:250:16)
2026-05-21 21:53:15 +07:00:     at async SessionCipher.decryptWithSessions (/www/wwwroot/wa-radius.binjaidc.com/node_modules/libsignal/src/session_cipher.js:147:29)
2026-05-21 21:53:15 +07:00:     at async 192015757242413.0 [as awaitable] (/www/wwwroot/wa-radius.binjaidc.com/node_modules/libsignal/src/session_cipher.js:171:28)
2026-05-21 21:53:15 +07:00:     at async _asyncQueueExecutor (/www/wwwroot/wa-radius.binjaidc.com/node_modules/libsignal/src/queue_job.js:20:29)
2026-05-21 21:53:15 +07:00: Session error:Error: Bad MAC Error: Bad MAC
2026-05-21 21:53:15 +07:00:     at Object.verifyMAC (/www/wwwroot/wa-radius.binjaidc.com/node_modules/libsignal/src/crypto.js:87:15)
2026-05-21 21:53:15 +07:00:     at SessionCipher.doDecryptWhisperMessage (/www/wwwroot/wa-radius.binjaidc.com/node_modules/libsignal/src/session_cipher.js:250:16)
2026-05-21 21:53:15 +07:00:     at async SessionCipher.decryptWithSessions (/www/wwwroot/wa-radius.binjaidc.com/node_modules/libsignal/src/session_cipher.js:147:29)
2026-05-21 21:53:15 +07:00:     at async 192015757242413.0 [as awaitable] (/www/wwwroot/wa-radius.binjaidc.com/node_modules/libsignal/src/session_cipher.js:171:28)
2026-05-21 21:53:15 +07:00:     at async _asyncQueueExecutor (/www/wwwroot/wa-radius.binjaidc.com/node_modules/libsignal/src/queue_job.js:20:29)
2026-05-21 21:53:15 +07:00: Session error:Error: Bad MAC Error: Bad MAC
2026-05-21 21:53:15 +07:00:     at Object.verifyMAC (/www/wwwroot/wa-radius.binjaidc.com/node_modules/libsignal/src/crypto.js:87:15)
2026-05-21 21:53:15 +07:00:     at SessionCipher.doDecryptWhisperMessage (/www/wwwroot/wa-radius.binjaidc.com/node_modules/libsignal/src/session_cipher.js:250:16)
2026-05-21 21:53:15 +07:00:     at async SessionCipher.decryptWithSessions (/www/wwwroot/wa-radius.binjaidc.com/node_modules/libsignal/src/session_cipher.js:147:29)
2026-05-21 21:53:15 +07:00:     at async 192015757242413.0 [as awaitable] (/www/wwwroot/wa-radius.binjaidc.com/node_modules/libsignal/src/session_cipher.js:171:28)
2026-05-21 21:53:15 +07:00:     at async _asyncQueueExecutor (/www/wwwroot/wa-radius.binjaidc.com/node_modules/libsignal/src/queue_job.js:20:29)
2026-05-21 21:53:20 +07:00: Failed to decrypt message with any known session...
2026-05-21 21:53:20 +07:00: Session error:Error: Bad MAC Error: Bad MAC
2026-05-21 21:53:20 +07:00:     at Object.verifyMAC (/www/wwwroot/wa-radius.binjaidc.com/node_modules/libsignal/src/crypto.js:87:15)
2026-05-21 21:53:20 +07:00:     at SessionCipher.doDecryptWhisperMessage (/www/wwwroot/wa-radius.binjaidc.com/node_modules/libsignal/src/session_cipher.js:250:16)
2026-05-21 21:53:20 +07:00:     at async SessionCipher.decryptWithSessions (/www/wwwroot/wa-radius.binjaidc.com/node_modules/libsignal/src/session_cipher.js:147:29)
2026-05-21 21:53:20 +07:00:     at async 192015757242413.0 [as awaitable] (/www/wwwroot/wa-radius.binjaidc.com/node_modules/libsignal/src/session_cipher.js:171:28)
2026-05-21 21:53:20 +07:00:     at async _asyncQueueExecutor (/www/wwwroot/wa-radius.binjaidc.com/node_modules/libsignal/src/queue_job.js:20:29)
2026-05-21 21:53:21 +07:00: Failed to decrypt message with any known session...
2026-05-21 21:53:21 +07:00: Session error:Error: Bad MAC Error: Bad MAC
2026-05-21 21:53:21 +07:00:     at Object.verifyMAC (/www/wwwroot/wa-radius.binjaidc.com/node_modules/libsignal/src/crypto.js:87:15)
2026-05-21 21:53:21 +07:00:     at SessionCipher.doDecryptWhisperMessage (/www/wwwroot/wa-radius.binjaidc.com/node_modules/libsignal/src/session_cipher.js:250:16)
2026-05-21 21:53:21 +07:00:     at process.processTicksAndRejections (node:internal/process/task_queues:95:5)
2026-05-21 21:53:21 +07:00:     at async SessionCipher.decryptWithSessions (/www/wwwroot/wa-radius.binjaidc.com/node_modules/libsignal/src/session_cipher.js:147:29)
2026-05-21 21:53:21 +07:00:     at async 192015757242413.0 [as awaitable] (/www/wwwroot/wa-radius.binjaidc.com/node_modules/libsignal/src/session_cipher.js:171:28)
2026-05-21 21:53:21 +07:00:     at async _asyncQueueExecutor (/www/wwwroot/wa-radius.binjaidc.com/node_modules/libsignal/src/queue_job.js:20:29)
2026-05-21 21:53:21 +07:00: Session error:Error: Bad MAC Error: Bad MAC
2026-05-21 21:53:21 +07:00:     at Object.verifyMAC (/www/wwwroot/wa-radius.binjaidc.com/node_modules/libsignal/src/crypto.js:87:15)
2026-05-21 21:53:21 +07:00:     at SessionCipher.doDecryptWhisperMessage (/www/wwwroot/wa-radius.binjaidc.com/node_modules/libsignal/src/session_cipher.js:250:16)
2026-05-21 21:53:21 +07:00:     at process.processTicksAndRejections (node:internal/process/task_queues:95:5)
2026-05-21 21:53:21 +07:00:     at async SessionCipher.decryptWithSessions (/www/wwwroot/wa-radius.binjaidc.com/node_modules/libsignal/src/session_cipher.js:147:29)
2026-05-21 21:53:21 +07:00:     at async 192015757242413.0 [as awaitable] (/www/wwwroot/wa-radius.binjaidc.com/node_modules/libsignal/src/session_cipher.js:171:28)
2026-05-21 21:53:21 +07:00:     at async _asyncQueueExecutor (/www/wwwroot/wa-radius.binjaidc.com/node_modules/libsignal/src/queue_job.js:20:29)
2026-05-21 21:53:21 +07:00: Session error:Error: Bad MAC Error: Bad MAC
2026-05-21 21:53:21 +07:00:     at Object.verifyMAC (/www/wwwroot/wa-radius.binjaidc.com/node_modules/libsignal/src/crypto.js:87:15)
2026-05-21 21:53:21 +07:00:     at SessionCipher.doDecryptWhisperMessage (/www/wwwroot/wa-radius.binjaidc.com/node_modules/libsignal/src/session_cipher.js:250:16)
2026-05-21 21:53:21 +07:00:     at process.processTicksAndRejections (node:internal/process/task_queues:95:5)
2026-05-21 21:53:21 +07:00:     at async SessionCipher.decryptWithSessions (/www/wwwroot/wa-radius.binjaidc.com/node_modules/libsignal/src/session_cipher.js:147:29)
2026-05-21 21:53:21 +07:00:     at async 192015757242413.0 [as awaitable] (/www/wwwroot/wa-radius.binjaidc.com/node_modules/libsignal/src/session_cipher.js:171:28)
2026-05-21 21:53:21 +07:00:     at async _asyncQueueExecutor (/www/wwwroot/wa-radius.binjaidc.com/node_modules/libsignal/src/queue_job.js:20:29)
2026-05-21 21:53:21 +07:00: Session error:Error: Bad MAC Error: Bad MAC
2026-05-21 21:53:21 +07:00:     at Object.verifyMAC (/www/wwwroot/wa-radius.binjaidc.com/node_modules/libsignal/src/crypto.js:87:15)
2026-05-21 21:53:21 +07:00:     at SessionCipher.doDecryptWhisperMessage (/www/wwwroot/wa-radius.binjaidc.com/node_modules/libsignal/src/session_cipher.js:250:16)
2026-05-21 21:53:21 +07:00:     at process.processTicksAndRejections (node:internal/process/task_queues:95:5)
2026-05-21 21:53:21 +07:00:     at async SessionCipher.decryptWithSessions (/www/wwwroot/wa-radius.binjaidc.com/node_modules/libsignal/src/session_cipher.js:147:29)
2026-05-21 21:53:21 +07:00:     at async 192015757242413.0 [as awaitable] (/www/wwwroot/wa-radius.binjaidc.com/node_modules/libsignal/src/session_cipher.js:171:28)
2026-05-21 21:53:21 +07:00:     at async _asyncQueueExecutor (/www/wwwroot/wa-radius.binjaidc.com/node_modules/libsignal/src/queue_job.js:20:29)
2026-05-21 21:53:21 +07:00: Session error:Error: Bad MAC Error: Bad MAC
2026-05-21 21:53:21 +07:00:     at Object.verifyMAC (/www/wwwroot/wa-radius.binjaidc.com/node_modules/libsignal/src/crypto.js:87:15)
2026-05-21 21:53:21 +07:00:     at SessionCipher.doDecryptWhisperMessage (/www/wwwroot/wa-radius.binjaidc.com/node_modules/libsignal/src/session_cipher.js:250:16)
2026-05-21 21:53:21 +07:00:     at process.processTicksAndRejections (node:internal/process/task_queues:95:5)
2026-05-21 21:53:21 +07:00:     at async SessionCipher.decryptWithSessions (/www/wwwroot/wa-radius.binjaidc.com/node_modules/libsignal/src/session_cipher.js:147:29)
2026-05-21 21:53:21 +07:00:     at async 192015757242413.0 [as awaitable] (/www/wwwroot/wa-radius.binjaidc.com/node_modules/libsignal/src/session_cipher.js:171:28)
2026-05-21 21:53:21 +07:00:     at async _asyncQueueExecutor (/www/wwwroot/wa-radius.binjaidc.com/node_modules/libsignal/src/queue_job.js:20:29)
2026-05-21 21:53:21 +07:00: Closing open session in favor of incoming prekey bundle
2026-05-21 21:53:21 +07:00: Closing open session in favor of incoming prekey bundle
2026-05-26 09:20:59 +07:00: Failed to decrypt message with any known session...
2026-05-26 09:20:59 +07:00: Session error:Error: Bad MAC Error: Bad MAC
2026-05-26 09:20:59 +07:00:     at Object.verifyMAC (/www/wwwroot/wa-radius.binjaidc.com/node_modules/libsignal/src/crypto.js:87:15)
2026-05-26 09:20:59 +07:00:     at SessionCipher.doDecryptWhisperMessage (/www/wwwroot/wa-radius.binjaidc.com/node_modules/libsignal/src/session_cipher.js:250:16)
2026-05-26 09:20:59 +07:00:     at async SessionCipher.decryptWithSessions (/www/wwwroot/wa-radius.binjaidc.com/node_modules/libsignal/src/session_cipher.js:147:29)
2026-05-26 09:20:59 +07:00:     at async 192015757242413.0 [as awaitable] (/www/wwwroot/wa-radius.binjaidc.com/node_modules/libsignal/src/session_cipher.js:171:28)
2026-05-26 09:20:59 +07:00:     at async _asyncQueueExecutor (/www/wwwroot/wa-radius.binjaidc.com/node_modules/libsignal/src/queue_job.js:20:29)
2026-05-26 09:20:59 +07:00: Session error:Error: Bad MAC Error: Bad MAC
2026-05-26 09:20:59 +07:00:     at Object.verifyMAC (/www/wwwroot/wa-radius.binjaidc.com/node_modules/libsignal/src/crypto.js:87:15)
2026-05-26 09:20:59 +07:00:     at SessionCipher.doDecryptWhisperMessage (/www/wwwroot/wa-radius.binjaidc.com/node_modules/libsignal/src/session_cipher.js:250:16)
2026-05-26 09:20:59 +07:00:     at async SessionCipher.decryptWithSessions (/www/wwwroot/wa-radius.binjaidc.com/node_modules/libsignal/src/session_cipher.js:147:29)
2026-05-26 09:20:59 +07:00:     at async 192015757242413.0 [as awaitable] (/www/wwwroot/wa-radius.binjaidc.com/node_modules/libsignal/src/session_cipher.js:171:28)
2026-05-26 09:20:59 +07:00:     at async _asyncQueueExecutor (/www/wwwroot/wa-radius.binjaidc.com/node_modules/libsignal/src/queue_job.js:20:29)
2026-05-26 09:20:59 +07:00: Session error:Error: Bad MAC Error: Bad MAC
2026-05-26 09:20:59 +07:00:     at Object.verifyMAC (/www/wwwroot/wa-radius.binjaidc.com/node_modules/libsignal/src/crypto.js:87:15)
2026-05-26 09:20:59 +07:00:     at SessionCipher.doDecryptWhisperMessage (/www/wwwroot/wa-radius.binjaidc.com/node_modules/libsignal/src/session_cipher.js:250:16)
2026-05-26 09:20:59 +07:00:     at async SessionCipher.decryptWithSessions (/www/wwwroot/wa-radius.binjaidc.com/node_modules/libsignal/src/session_cipher.js:147:29)
2026-05-26 09:20:59 +07:00:     at async 192015757242413.0 [as awaitable] (/www/wwwroot/wa-radius.binjaidc.com/node_modules/libsignal/src/session_cipher.js:171:28)
2026-05-26 09:20:59 +07:00:     at async _asyncQueueExecutor (/www/wwwroot/wa-radius.binjaidc.com/node_modules/libsignal/src/queue_job.js:20:29)
2026-05-26 09:20:59 +07:00: Session error:Error: Bad MAC Error: Bad MAC
2026-05-26 09:20:59 +07:00:     at Object.verifyMAC (/www/wwwroot/wa-radius.binjaidc.com/node_modules/libsignal/src/crypto.js:87:15)
2026-05-26 09:20:59 +07:00:     at SessionCipher.doDecryptWhisperMessage (/www/wwwroot/wa-radius.binjaidc.com/node_modules/libsignal/src/session_cipher.js:250:16)
2026-05-26 09:20:59 +07:00:     at async SessionCipher.decryptWithSessions (/www/wwwroot/wa-radius.binjaidc.com/node_modules/libsignal/src/session_cipher.js:147:29)
2026-05-26 09:20:59 +07:00:     at async 192015757242413.0 [as awaitable] (/www/wwwroot/wa-radius.binjaidc.com/node_modules/libsignal/src/session_cipher.js:171:28)
2026-05-26 09:20:59 +07:00:     at async _asyncQueueExecutor (/www/wwwroot/wa-radius.binjaidc.com/node_modules/libsignal/src/queue_job.js:20:29)
2026-05-26 09:20:59 +07:00: Session error:Error: Bad MAC Error: Bad MAC
2026-05-26 09:20:59 +07:00:     at Object.verifyMAC (/www/wwwroot/wa-radius.binjaidc.com/node_modules/libsignal/src/crypto.js:87:15)
2026-05-26 09:20:59 +07:00:     at SessionCipher.doDecryptWhisperMessage (/www/wwwroot/wa-radius.binjaidc.com/node_modules/libsignal/src/session_cipher.js:250:16)
2026-05-26 09:20:59 +07:00:     at async SessionCipher.decryptWithSessions (/www/wwwroot/wa-radius.binjaidc.com/node_modules/libsignal/src/session_cipher.js:147:29)
2026-05-26 09:20:59 +07:00:     at async 192015757242413.0 [as awaitable] (/www/wwwroot/wa-radius.binjaidc.com/node_modules/libsignal/src/session_cipher.js:171:28)
2026-05-26 09:20:59 +07:00:     at async _asyncQueueExecutor (/www/wwwroot/wa-radius.binjaidc.com/node_modules/libsignal/src/queue_job.js:20:29)
2026-05-26 09:20:59 +07:00: Session error:Error: Bad MAC Error: Bad MAC
2026-05-26 09:20:59 +07:00:     at Object.verifyMAC (/www/wwwroot/wa-radius.binjaidc.com/node_modules/libsignal/src/crypto.js:87:15)
2026-05-26 09:20:59 +07:00:     at SessionCipher.doDecryptWhisperMessage (/www/wwwroot/wa-radius.binjaidc.com/node_modules/libsignal/src/session_cipher.js:250:16)
2026-05-26 09:20:59 +07:00:     at async SessionCipher.decryptWithSessions (/www/wwwroot/wa-radius.binjaidc.com/node_modules/libsignal/src/session_cipher.js:147:29)
2026-05-26 09:20:59 +07:00:     at async 192015757242413.0 [as awaitable] (/www/wwwroot/wa-radius.binjaidc.com/node_modules/libsignal/src/session_cipher.js:171:28)
2026-05-26 09:20:59 +07:00:     at async _asyncQueueExecutor (/www/wwwroot/wa-radius.binjaidc.com/node_modules/libsignal/src/queue_job.js:20:29)
2026-05-26 09:20:59 +07:00: Failed to decrypt message with any known session...
2026-05-26 09:20:59 +07:00: Session error:Error: Bad MAC Error: Bad MAC
2026-05-26 09:20:59 +07:00:     at Object.verifyMAC (/www/wwwroot/wa-radius.binjaidc.com/node_modules/libsignal/src/crypto.js:87:15)
2026-05-26 09:20:59 +07:00:     at SessionCipher.doDecryptWhisperMessage (/www/wwwroot/wa-radius.binjaidc.com/node_modules/libsignal/src/session_cipher.js:250:16)
2026-05-26 09:20:59 +07:00:     at async SessionCipher.decryptWithSessions (/www/wwwroot/wa-radius.binjaidc.com/node_modules/libsignal/src/session_cipher.js:147:29)
2026-05-26 09:20:59 +07:00:     at async 192015757242413.0 [as awaitable] (/www/wwwroot/wa-radius.binjaidc.com/node_modules/libsignal/src/session_cipher.js:171:28)
2026-05-26 09:20:59 +07:00:     at async _asyncQueueExecutor (/www/wwwroot/wa-radius.binjaidc.com/node_modules/libsignal/src/queue_job.js:20:29)
2026-05-26 09:20:59 +07:00: Session error:Error: Bad MAC Error: Bad MAC
2026-05-26 09:20:59 +07:00:     at Object.verifyMAC (/www/wwwroot/wa-radius.binjaidc.com/node_modules/libsignal/src/crypto.js:87:15)
2026-05-26 09:20:59 +07:00:     at SessionCipher.doDecryptWhisperMessage (/www/wwwroot/wa-radius.binjaidc.com/node_modules/libsignal/src/session_cipher.js:250:16)
2026-05-26 09:20:59 +07:00:     at async SessionCipher.decryptWithSessions (/www/wwwroot/wa-radius.binjaidc.com/node_modules/libsignal/src/session_cipher.js:147:29)
2026-05-26 09:20:59 +07:00:     at async 192015757242413.0 [as awaitable] (/www/wwwroot/wa-radius.binjaidc.com/node_modules/libsignal/src/session_cipher.js:171:28)
2026-05-26 09:20:59 +07:00:     at async _asyncQueueExecutor (/www/wwwroot/wa-radius.binjaidc.com/node_modules/libsignal/src/queue_job.js:20:29)
2026-05-26 09:21:04 +07:00: Failed to decrypt message with any known session...
2026-05-26 09:21:04 +07:00: Session error:Error: Bad MAC Error: Bad MAC
2026-05-26 09:21:04 +07:00:     at Object.verifyMAC (/www/wwwroot/wa-radius.binjaidc.com/node_modules/libsignal/src/crypto.js:87:15)
2026-05-26 09:21:04 +07:00:     at SessionCipher.doDecryptWhisperMessage (/www/wwwroot/wa-radius.binjaidc.com/node_modules/libsignal/src/session_cipher.js:250:16)
2026-05-26 09:21:04 +07:00:     at process.processTicksAndRejections (node:internal/process/task_queues:95:5)
2026-05-26 09:21:04 +07:00:     at async SessionCipher.decryptWithSessions (/www/wwwroot/wa-radius.binjaidc.com/node_modules/libsignal/src/session_cipher.js:147:29)
2026-05-26 09:21:04 +07:00:     at async 192015757242413.0 [as awaitable] (/www/wwwroot/wa-radius.binjaidc.com/node_modules/libsignal/src/session_cipher.js:171:28)
2026-05-26 09:21:04 +07:00:     at async _asyncQueueExecutor (/www/wwwroot/wa-radius.binjaidc.com/node_modules/libsignal/src/queue_job.js:20:29)
2026-05-26 09:21:04 +07:00: Session error:Error: Bad MAC Error: Bad MAC
2026-05-26 09:21:04 +07:00:     at Object.verifyMAC (/www/wwwroot/wa-radius.binjaidc.com/node_modules/libsignal/src/crypto.js:87:15)
2026-05-26 09:21:04 +07:00:     at SessionCipher.doDecryptWhisperMessage (/www/wwwroot/wa-radius.binjaidc.com/node_modules/libsignal/src/session_cipher.js:250:16)
2026-05-26 09:21:04 +07:00:     at process.processTicksAndRejections (node:internal/process/task_queues:95:5)
2026-05-26 09:21:04 +07:00:     at async SessionCipher.decryptWithSessions (/www/wwwroot/wa-radius.binjaidc.com/node_modules/libsignal/src/session_cipher.js:147:29)
2026-05-26 09:21:04 +07:00:     at async 192015757242413.0 [as awaitable] (/www/wwwroot/wa-radius.binjaidc.com/node_modules/libsignal/src/session_cipher.js:171:28)
2026-05-26 09:21:04 +07:00:     at async _asyncQueueExecutor (/www/wwwroot/wa-radius.binjaidc.com/node_modules/libsignal/src/queue_job.js:20:29)
2026-05-26 09:21:04 +07:00: Session error:Error: Bad MAC Error: Bad MAC
2026-05-26 09:21:04 +07:00:     at Object.verifyMAC (/www/wwwroot/wa-radius.binjaidc.com/node_modules/libsignal/src/crypto.js:87:15)
2026-05-26 09:21:04 +07:00:     at SessionCipher.doDecryptWhisperMessage (/www/wwwroot/wa-radius.binjaidc.com/node_modules/libsignal/src/session_cipher.js:250:16)
2026-05-26 09:21:04 +07:00:     at process.processTicksAndRejections (node:internal/process/task_queues:95:5)
2026-05-26 09:21:04 +07:00:     at async SessionCipher.decryptWithSessions (/www/wwwroot/wa-radius.binjaidc.com/node_modules/libsignal/src/session_cipher.js:147:29)
2026-05-26 09:21:04 +07:00:     at async 192015757242413.0 [as awaitable] (/www/wwwroot/wa-radius.binjaidc.com/node_modules/libsignal/src/session_cipher.js:171:28)
2026-05-26 09:21:04 +07:00:     at async _asyncQueueExecutor (/www/wwwroot/wa-radius.binjaidc.com/node_modules/libsignal/src/queue_job.js:20:29)
2026-05-26 09:21:04 +07:00: Session error:Error: Bad MAC Error: Bad MAC
2026-05-26 09:21:04 +07:00:     at Object.verifyMAC (/www/wwwroot/wa-radius.binjaidc.com/node_modules/libsignal/src/crypto.js:87:15)
2026-05-26 09:21:04 +07:00:     at SessionCipher.doDecryptWhisperMessage (/www/wwwroot/wa-radius.binjaidc.com/node_modules/libsignal/src/session_cipher.js:250:16)
2026-05-26 09:21:04 +07:00:     at process.processTicksAndRejections (node:internal/process/task_queues:95:5)
2026-05-26 09:21:04 +07:00:     at async SessionCipher.decryptWithSessions (/www/wwwroot/wa-radius.binjaidc.com/node_modules/libsignal/src/session_cipher.js:147:29)
2026-05-26 09:21:04 +07:00:     at async 192015757242413.0 [as awaitable] (/www/wwwroot/wa-radius.binjaidc.com/node_modules/libsignal/src/session_cipher.js:171:28)
2026-05-26 09:21:04 +07:00:     at async _asyncQueueExecutor (/www/wwwroot/wa-radius.binjaidc.com/node_modules/libsignal/src/queue_job.js:20:29)
2026-05-26 09:21:04 +07:00: Session error:Error: Bad MAC Error: Bad MAC
2026-05-26 09:21:04 +07:00:     at Object.verifyMAC (/www/wwwroot/wa-radius.binjaidc.com/node_modules/libsignal/src/crypto.js:87:15)
2026-05-26 09:21:04 +07:00:     at SessionCipher.doDecryptWhisperMessage (/www/wwwroot/wa-radius.binjaidc.com/node_modules/libsignal/src/session_cipher.js:250:16)
2026-05-26 09:21:04 +07:00:     at process.processTicksAndRejections (node:internal/process/task_queues:95:5)
2026-05-26 09:21:04 +07:00:     at async SessionCipher.decryptWithSessions (/www/wwwroot/wa-radius.binjaidc.com/node_modules/libsignal/src/session_cipher.js:147:29)
2026-05-26 09:21:04 +07:00:     at async 192015757242413.0 [as awaitable] (/www/wwwroot/wa-radius.binjaidc.com/node_modules/libsignal/src/session_cipher.js:171:28)
2026-05-26 09:21:04 +07:00:     at async _asyncQueueExecutor (/www/wwwroot/wa-radius.binjaidc.com/node_modules/libsignal/src/queue_job.js:20:29)
2026-05-26 09:21:04 +07:00: Session error:Error: Bad MAC Error: Bad MAC
2026-05-26 09:21:04 +07:00:     at Object.verifyMAC (/www/wwwroot/wa-radius.binjaidc.com/node_modules/libsignal/src/crypto.js:87:15)
2026-05-26 09:21:04 +07:00:     at SessionCipher.doDecryptWhisperMessage (/www/wwwroot/wa-radius.binjaidc.com/node_modules/libsignal/src/session_cipher.js:250:16)
2026-05-26 09:21:04 +07:00:     at process.processTicksAndRejections (node:internal/process/task_queues:95:5)
2026-05-26 09:21:04 +07:00:     at async SessionCipher.decryptWithSessions (/www/wwwroot/wa-radius.binjaidc.com/node_modules/libsignal/src/session_cipher.js:147:29)
2026-05-26 09:21:04 +07:00:     at async 192015757242413.0 [as awaitable] (/www/wwwroot/wa-radius.binjaidc.com/node_modules/libsignal/src/session_cipher.js:171:28)
2026-05-26 09:21:04 +07:00:     at async _asyncQueueExecutor (/www/wwwroot/wa-radius.binjaidc.com/node_modules/libsignal/src/queue_job.js:20:29)
2026-05-26 09:21:05 +07:00: Failed to decrypt message with any known session...
2026-05-26 09:21:05 +07:00: Session error:Error: Bad MAC Error: Bad MAC
2026-05-26 09:21:05 +07:00:     at Object.verifyMAC (/www/wwwroot/wa-radius.binjaidc.com/node_modules/libsignal/src/crypto.js:87:15)
2026-05-26 09:21:05 +07:00:     at SessionCipher.doDecryptWhisperMessage (/www/wwwroot/wa-radius.binjaidc.com/node_modules/libsignal/src/session_cipher.js:250:16)
2026-05-26 09:21:05 +07:00:     at process.processTicksAndRejections (node:internal/process/task_queues:95:5)
2026-05-26 09:21:05 +07:00:     at async SessionCipher.decryptWithSessions (/www/wwwroot/wa-radius.binjaidc.com/node_modules/libsignal/src/session_cipher.js:147:29)
2026-05-26 09:21:05 +07:00:     at async 192015757242413.0 [as awaitable] (/www/wwwroot/wa-radius.binjaidc.com/node_modules/libsignal/src/session_cipher.js:171:28)
2026-05-26 09:21:05 +07:00:     at async _asyncQueueExecutor (/www/wwwroot/wa-radius.binjaidc.com/node_modules/libsignal/src/queue_job.js:20:29)
2026-05-26 09:21:05 +07:00: Session error:Error: Bad MAC Error: Bad MAC
2026-05-26 09:21:05 +07:00:     at Object.verifyMAC (/www/wwwroot/wa-radius.binjaidc.com/node_modules/libsignal/src/crypto.js:87:15)
2026-05-26 09:21:05 +07:00:     at SessionCipher.doDecryptWhisperMessage (/www/wwwroot/wa-radius.binjaidc.com/node_modules/libsignal/src/session_cipher.js:250:16)
2026-05-26 09:21:05 +07:00:     at process.processTicksAndRejections (node:internal/process/task_queues:95:5)
2026-05-26 09:21:05 +07:00:     at async SessionCipher.decryptWithSessions (/www/wwwroot/wa-radius.binjaidc.com/node_modules/libsignal/src/session_cipher.js:147:29)
2026-05-26 09:21:05 +07:00:     at async 192015757242413.0 [as awaitable] (/www/wwwroot/wa-radius.binjaidc.com/node_modules/libsignal/src/session_cipher.js:171:28)
2026-05-26 09:21:05 +07:00:     at async _asyncQueueExecutor (/www/wwwroot/wa-radius.binjaidc.com/node_modules/libsignal/src/queue_job.js:20:29)
2026-05-26 09:21:05 +07:00: Closing open session in favor of incoming prekey bundle
2026-05-26 09:21:05 +07:00: Closing open session in favor of incoming prekey bundle
2026-05-26 10:14:25 +07:00: Failed to decrypt message with any known session...
2026-05-26 10:14:25 +07:00: Session error:Error: Bad MAC Error: Bad MAC
2026-05-26 10:14:25 +07:00:     at Object.verifyMAC (/www/wwwroot/wa-radius.binjaidc.com/node_modules/libsignal/src/crypto.js:87:15)
2026-05-26 10:14:25 +07:00:     at SessionCipher.doDecryptWhisperMessage (/www/wwwroot/wa-radius.binjaidc.com/node_modules/libsignal/src/session_cipher.js:250:16)
2026-05-26 10:14:25 +07:00:     at process.processTicksAndRejections (node:internal/process/task_queues:95:5)
2026-05-26 10:14:25 +07:00:     at async SessionCipher.decryptWithSessions (/www/wwwroot/wa-radius.binjaidc.com/node_modules/libsignal/src/session_cipher.js:147:29)
2026-05-26 10:14:25 +07:00:     at async 192015757242413.0 [as awaitable] (/www/wwwroot/wa-radius.binjaidc.com/node_modules/libsignal/src/session_cipher.js:171:28)
2026-05-26 10:14:25 +07:00:     at async _asyncQueueExecutor (/www/wwwroot/wa-radius.binjaidc.com/node_modules/libsignal/src/queue_job.js:20:29)
2026-05-26 10:14:25 +07:00: Session error:Error: Bad MAC Error: Bad MAC
2026-05-26 10:14:25 +07:00:     at Object.verifyMAC (/www/wwwroot/wa-radius.binjaidc.com/node_modules/libsignal/src/crypto.js:87:15)
2026-05-26 10:14:25 +07:00:     at SessionCipher.doDecryptWhisperMessage (/www/wwwroot/wa-radius.binjaidc.com/node_modules/libsignal/src/session_cipher.js:250:16)
2026-05-26 10:14:25 +07:00:     at process.processTicksAndRejections (node:internal/process/task_queues:95:5)
2026-05-26 10:14:25 +07:00:     at async SessionCipher.decryptWithSessions (/www/wwwroot/wa-radius.binjaidc.com/node_modules/libsignal/src/session_cipher.js:147:29)
2026-05-26 10:14:25 +07:00:     at async 192015757242413.0 [as awaitable] (/www/wwwroot/wa-radius.binjaidc.com/node_modules/libsignal/src/session_cipher.js:171:28)
2026-05-26 10:14:25 +07:00:     at async _asyncQueueExecutor (/www/wwwroot/wa-radius.binjaidc.com/node_modules/libsignal/src/queue_job.js:20:29)
2026-05-26 10:14:25 +07:00: Session error:Error: Bad MAC Error: Bad MAC
2026-05-26 10:14:25 +07:00:     at Object.verifyMAC (/www/wwwroot/wa-radius.binjaidc.com/node_modules/libsignal/src/crypto.js:87:15)
2026-05-26 10:14:25 +07:00:     at SessionCipher.doDecryptWhisperMessage (/www/wwwroot/wa-radius.binjaidc.com/node_modules/libsignal/src/session_cipher.js:250:16)
2026-05-26 10:14:25 +07:00:     at process.processTicksAndRejections (node:internal/process/task_queues:95:5)
2026-05-26 10:14:25 +07:00:     at async SessionCipher.decryptWithSessions (/www/wwwroot/wa-radius.binjaidc.com/node_modules/libsignal/src/session_cipher.js:147:29)
2026-05-26 10:14:25 +07:00:     at async 192015757242413.0 [as awaitable] (/www/wwwroot/wa-radius.binjaidc.com/node_modules/libsignal/src/session_cipher.js:171:28)
2026-05-26 10:14:25 +07:00:     at async _asyncQueueExecutor (/www/wwwroot/wa-radius.binjaidc.com/node_modules/libsignal/src/queue_job.js:20:29)
2026-05-26 10:14:25 +07:00: Session error:Error: Bad MAC Error: Bad MAC
2026-05-26 10:14:25 +07:00:     at Object.verifyMAC (/www/wwwroot/wa-radius.binjaidc.com/node_modules/libsignal/src/crypto.js:87:15)
2026-05-26 10:14:25 +07:00:     at SessionCipher.doDecryptWhisperMessage (/www/wwwroot/wa-radius.binjaidc.com/node_modules/libsignal/src/session_cipher.js:250:16)
2026-05-26 10:14:25 +07:00:     at process.processTicksAndRejections (node:internal/process/task_queues:95:5)
2026-05-26 10:14:25 +07:00:     at async SessionCipher.decryptWithSessions (/www/wwwroot/wa-radius.binjaidc.com/node_modules/libsignal/src/session_cipher.js:147:29)
2026-05-26 10:14:25 +07:00:     at async 192015757242413.0 [as awaitable] (/www/wwwroot/wa-radius.binjaidc.com/node_modules/libsignal/src/session_cipher.js:171:28)
2026-05-26 10:14:25 +07:00:     at async _asyncQueueExecutor (/www/wwwroot/wa-radius.binjaidc.com/node_modules/libsignal/src/queue_job.js:20:29)
2026-05-26 10:14:25 +07:00: Session error:Error: Bad MAC Error: Bad MAC
2026-05-26 10:14:25 +07:00:     at Object.verifyMAC (/www/wwwroot/wa-radius.binjaidc.com/node_modules/libsignal/src/crypto.js:87:15)
2026-05-26 10:14:25 +07:00:     at SessionCipher.doDecryptWhisperMessage (/www/wwwroot/wa-radius.binjaidc.com/node_modules/libsignal/src/session_cipher.js:250:16)
2026-05-26 10:14:25 +07:00:     at process.processTicksAndRejections (node:internal/process/task_queues:95:5)
2026-05-26 10:14:25 +07:00:     at async SessionCipher.decryptWithSessions (/www/wwwroot/wa-radius.binjaidc.com/node_modules/libsignal/src/session_cipher.js:147:29)
2026-05-26 10:14:25 +07:00:     at async 192015757242413.0 [as awaitable] (/www/wwwroot/wa-radius.binjaidc.com/node_modules/libsignal/src/session_cipher.js:171:28)
2026-05-26 10:14:25 +07:00:     at async _asyncQueueExecutor (/www/wwwroot/wa-radius.binjaidc.com/node_modules/libsignal/src/queue_job.js:20:29)
2026-05-26 10:14:25 +07:00: Session error:Error: Bad MAC Error: Bad MAC
2026-05-26 10:14:25 +07:00:     at Object.verifyMAC (/www/wwwroot/wa-radius.binjaidc.com/node_modules/libsignal/src/crypto.js:87:15)
2026-05-26 10:14:25 +07:00:     at SessionCipher.doDecryptWhisperMessage (/www/wwwroot/wa-radius.binjaidc.com/node_modules/libsignal/src/session_cipher.js:250:16)
2026-05-26 10:14:25 +07:00:     at process.processTicksAndRejections (node:internal/process/task_queues:95:5)
2026-05-26 10:14:25 +07:00:     at async SessionCipher.decryptWithSessions (/www/wwwroot/wa-radius.binjaidc.com/node_modules/libsignal/src/session_cipher.js:147:29)
2026-05-26 10:14:25 +07:00:     at async 192015757242413.0 [as awaitable] (/www/wwwroot/wa-radius.binjaidc.com/node_modules/libsignal/src/session_cipher.js:171:28)
2026-05-26 10:14:25 +07:00:     at async _asyncQueueExecutor (/www/wwwroot/wa-radius.binjaidc.com/node_modules/libsignal/src/queue_job.js:20:29)
2026-05-26 10:14:25 +07:00: Session error:Error: Bad MAC Error: Bad MAC
2026-05-26 10:14:25 +07:00:     at Object.verifyMAC (/www/wwwroot/wa-radius.binjaidc.com/node_modules/libsignal/src/crypto.js:87:15)
2026-05-26 10:14:25 +07:00:     at SessionCipher.doDecryptWhisperMessage (/www/wwwroot/wa-radius.binjaidc.com/node_modules/libsignal/src/session_cipher.js:250:16)
2026-05-26 10:14:25 +07:00:     at process.processTicksAndRejections (node:internal/process/task_queues:95:5)
2026-05-26 10:14:25 +07:00:     at async SessionCipher.decryptWithSessions (/www/wwwroot/wa-radius.binjaidc.com/node_modules/libsignal/src/session_cipher.js:147:29)
2026-05-26 10:14:25 +07:00:     at async 192015757242413.0 [as awaitable] (/www/wwwroot/wa-radius.binjaidc.com/node_modules/libsignal/src/session_cipher.js:171:28)
2026-05-26 10:14:25 +07:00:     at async _asyncQueueExecutor (/www/wwwroot/wa-radius.binjaidc.com/node_modules/libsignal/src/queue_job.js:20:29)
2026-05-26 10:14:25 +07:00: Failed to decrypt message with any known session...
2026-05-26 10:14:25 +07:00: Session error:Error: Bad MAC Error: Bad MAC
2026-05-26 10:14:25 +07:00:     at Object.verifyMAC (/www/wwwroot/wa-radius.binjaidc.com/node_modules/libsignal/src/crypto.js:87:15)
2026-05-26 10:14:25 +07:00:     at SessionCipher.doDecryptWhisperMessage (/www/wwwroot/wa-radius.binjaidc.com/node_modules/libsignal/src/session_cipher.js:250:16)
2026-05-26 10:14:25 +07:00:     at process.processTicksAndRejections (node:internal/process/task_queues:95:5)
2026-05-26 10:14:25 +07:00:     at async SessionCipher.decryptWithSessions (/www/wwwroot/wa-radius.binjaidc.com/node_modules/libsignal/src/session_cipher.js:147:29)
2026-05-26 10:14:25 +07:00:     at async 192015757242413.0 [as awaitable] (/www/wwwroot/wa-radius.binjaidc.com/node_modules/libsignal/src/session_cipher.js:171:28)
2026-05-26 10:14:25 +07:00:     at async _asyncQueueExecutor (/www/wwwroot/wa-radius.binjaidc.com/node_modules/libsignal/src/queue_job.js:20:29)
2026-05-26 10:14:25 +07:00: Session error:Error: Bad MAC Error: Bad MAC
2026-05-26 10:14:25 +07:00:     at Object.verifyMAC (/www/wwwroot/wa-radius.binjaidc.com/node_modules/libsignal/src/crypto.js:87:15)
2026-05-26 10:14:25 +07:00:     at SessionCipher.doDecryptWhisperMessage (/www/wwwroot/wa-radius.binjaidc.com/node_modules/libsignal/src/session_cipher.js:250:16)
2026-05-26 10:14:25 +07:00:     at process.processTicksAndRejections (node:internal/process/task_queues:95:5)
2026-05-26 10:14:25 +07:00:     at async SessionCipher.decryptWithSessions (/www/wwwroot/wa-radius.binjaidc.com/node_modules/libsignal/src/session_cipher.js:147:29)
2026-05-26 10:14:25 +07:00:     at async 192015757242413.0 [as awaitable] (/www/wwwroot/wa-radius.binjaidc.com/node_modules/libsignal/src/session_cipher.js:171:28)
2026-05-26 10:14:25 +07:00:     at async _asyncQueueExecutor (/www/wwwroot/wa-radius.binjaidc.com/node_modules/libsignal/src/queue_job.js:20:29)
2026-05-26 10:14:25 +07:00: Session error:Error: Bad MAC Error: Bad MAC
2026-05-26 10:14:25 +07:00:     at Object.verifyMAC (/www/wwwroot/wa-radius.binjaidc.com/node_modules/libsignal/src/crypto.js:87:15)
2026-05-26 10:14:25 +07:00:     at SessionCipher.doDecryptWhisperMessage (/www/wwwroot/wa-radius.binjaidc.com/node_modules/libsignal/src/session_cipher.js:250:16)
2026-05-26 10:14:25 +07:00:     at process.processTicksAndRejections (node:internal/process/task_queues:95:5)
2026-05-26 10:14:25 +07:00:     at async SessionCipher.decryptWithSessions (/www/wwwroot/wa-radius.binjaidc.com/node_modules/libsignal/src/session_cipher.js:147:29)
2026-05-26 10:14:25 +07:00:     at async 192015757242413.0 [as awaitable] (/www/wwwroot/wa-radius.binjaidc.com/node_modules/libsignal/src/session_cipher.js:171:28)
2026-05-26 10:14:25 +07:00:     at async _asyncQueueExecutor (/www/wwwroot/wa-radius.binjaidc.com/node_modules/libsignal/src/queue_job.js:20:29)
2026-05-26 10:14:30 +07:00: Failed to decrypt message with any known session...
2026-05-26 10:14:30 +07:00: Session error:Error: Bad MAC Error: Bad MAC
2026-05-26 10:14:30 +07:00:     at Object.verifyMAC (/www/wwwroot/wa-radius.binjaidc.com/node_modules/libsignal/src/crypto.js:87:15)
2026-05-26 10:14:30 +07:00:     at SessionCipher.doDecryptWhisperMessage (/www/wwwroot/wa-radius.binjaidc.com/node_modules/libsignal/src/session_cipher.js:250:16)
2026-05-26 10:14:30 +07:00:     at process.processTicksAndRejections (node:internal/process/task_queues:95:5)
2026-05-26 10:14:30 +07:00:     at async SessionCipher.decryptWithSessions (/www/wwwroot/wa-radius.binjaidc.com/node_modules/libsignal/src/session_cipher.js:147:29)
2026-05-26 10:14:30 +07:00:     at async 192015757242413.0 [as awaitable] (/www/wwwroot/wa-radius.binjaidc.com/node_modules/libsignal/src/session_cipher.js:171:28)
2026-05-26 10:14:30 +07:00:     at async _asyncQueueExecutor (/www/wwwroot/wa-radius.binjaidc.com/node_modules/libsignal/src/queue_job.js:20:29)
2026-05-26 10:14:30 +07:00: Session error:Error: Bad MAC Error: Bad MAC
2026-05-26 10:14:30 +07:00:     at Object.verifyMAC (/www/wwwroot/wa-radius.binjaidc.com/node_modules/libsignal/src/crypto.js:87:15)
2026-05-26 10:14:30 +07:00:     at SessionCipher.doDecryptWhisperMessage (/www/wwwroot/wa-radius.binjaidc.com/node_modules/libsignal/src/session_cipher.js:250:16)
2026-05-26 10:14:30 +07:00:     at process.processTicksAndRejections (node:internal/process/task_queues:95:5)
2026-05-26 10:14:30 +07:00:     at async SessionCipher.decryptWithSessions (/www/wwwroot/wa-radius.binjaidc.com/node_modules/libsignal/src/session_cipher.js:147:29)
2026-05-26 10:14:30 +07:00:     at async 192015757242413.0 [as awaitable] (/www/wwwroot/wa-radius.binjaidc.com/node_modules/libsignal/src/session_cipher.js:171:28)
2026-05-26 10:14:30 +07:00:     at async _asyncQueueExecutor (/www/wwwroot/wa-radius.binjaidc.com/node_modules/libsignal/src/queue_job.js:20:29)
2026-05-26 10:14:30 +07:00: Session error:Error: Bad MAC Error: Bad MAC
2026-05-26 10:14:30 +07:00:     at Object.verifyMAC (/www/wwwroot/wa-radius.binjaidc.com/node_modules/libsignal/src/crypto.js:87:15)
2026-05-26 10:14:30 +07:00:     at SessionCipher.doDecryptWhisperMessage (/www/wwwroot/wa-radius.binjaidc.com/node_modules/libsignal/src/session_cipher.js:250:16)
2026-05-26 10:14:30 +07:00:     at process.processTicksAndRejections (node:internal/process/task_queues:95:5)
2026-05-26 10:14:30 +07:00:     at async SessionCipher.decryptWithSessions (/www/wwwroot/wa-radius.binjaidc.com/node_modules/libsignal/src/session_cipher.js:147:29)
2026-05-26 10:14:30 +07:00:     at async 192015757242413.0 [as awaitable] (/www/wwwroot/wa-radius.binjaidc.com/node_modules/libsignal/src/session_cipher.js:171:28)
2026-05-26 10:14:30 +07:00:     at async _asyncQueueExecutor (/www/wwwroot/wa-radius.binjaidc.com/node_modules/libsignal/src/queue_job.js:20:29)
2026-05-26 10:14:30 +07:00: Session error:Error: Bad MAC Error: Bad MAC
2026-05-26 10:14:30 +07:00:     at Object.verifyMAC (/www/wwwroot/wa-radius.binjaidc.com/node_modules/libsignal/src/crypto.js:87:15)
2026-05-26 10:14:30 +07:00:     at SessionCipher.doDecryptWhisperMessage (/www/wwwroot/wa-radius.binjaidc.com/node_modules/libsignal/src/session_cipher.js:250:16)
2026-05-26 10:14:30 +07:00:     at process.processTicksAndRejections (node:internal/process/task_queues:95:5)
2026-05-26 10:14:30 +07:00:     at async SessionCipher.decryptWithSessions (/www/wwwroot/wa-radius.binjaidc.com/node_modules/libsignal/src/session_cipher.js:147:29)
2026-05-26 10:14:30 +07:00:     at async 192015757242413.0 [as awaitable] (/www/wwwroot/wa-radius.binjaidc.com/node_modules/libsignal/src/session_cipher.js:171:28)
2026-05-26 10:14:30 +07:00:     at async _asyncQueueExecutor (/www/wwwroot/wa-radius.binjaidc.com/node_modules/libsignal/src/queue_job.js:20:29)
2026-05-26 10:14:30 +07:00: Session error:Error: Bad MAC Error: Bad MAC
2026-05-26 10:14:30 +07:00:     at Object.verifyMAC (/www/wwwroot/wa-radius.binjaidc.com/node_modules/libsignal/src/crypto.js:87:15)
2026-05-26 10:14:30 +07:00:     at SessionCipher.doDecryptWhisperMessage (/www/wwwroot/wa-radius.binjaidc.com/node_modules/libsignal/src/session_cipher.js:250:16)
2026-05-26 10:14:30 +07:00:     at process.processTicksAndRejections (node:internal/process/task_queues:95:5)
2026-05-26 10:14:30 +07:00:     at async SessionCipher.decryptWithSessions (/www/wwwroot/wa-radius.binjaidc.com/node_modules/libsignal/src/session_cipher.js:147:29)
2026-05-26 10:14:30 +07:00:     at async 192015757242413.0 [as awaitable] (/www/wwwroot/wa-radius.binjaidc.com/node_modules/libsignal/src/session_cipher.js:171:28)
2026-05-26 10:14:30 +07:00:     at async _asyncQueueExecutor (/www/wwwroot/wa-radius.binjaidc.com/node_modules/libsignal/src/queue_job.js:20:29)
2026-05-26 10:14:30 +07:00: Session error:Error: Bad MAC Error: Bad MAC
2026-05-26 10:14:30 +07:00:     at Object.verifyMAC (/www/wwwroot/wa-radius.binjaidc.com/node_modules/libsignal/src/crypto.js:87:15)
2026-05-26 10:14:30 +07:00:     at SessionCipher.doDecryptWhisperMessage (/www/wwwroot/wa-radius.binjaidc.com/node_modules/libsignal/src/session_cipher.js:250:16)
2026-05-26 10:14:30 +07:00:     at process.processTicksAndRejections (node:internal/process/task_queues:95:5)
2026-05-26 10:14:30 +07:00:     at async SessionCipher.decryptWithSessions (/www/wwwroot/wa-radius.binjaidc.com/node_modules/libsignal/src/session_cipher.js:147:29)
2026-05-26 10:14:30 +07:00:     at async 192015757242413.0 [as awaitable] (/www/wwwroot/wa-radius.binjaidc.com/node_modules/libsignal/src/session_cipher.js:171:28)
2026-05-26 10:14:30 +07:00:     at async _asyncQueueExecutor (/www/wwwroot/wa-radius.binjaidc.com/node_modules/libsignal/src/queue_job.js:20:29)
2026-05-26 10:14:30 +07:00: Session error:Error: Bad MAC Error: Bad MAC
2026-05-26 10:14:30 +07:00:     at Object.verifyMAC (/www/wwwroot/wa-radius.binjaidc.com/node_modules/libsignal/src/crypto.js:87:15)
2026-05-26 10:14:30 +07:00:     at SessionCipher.doDecryptWhisperMessage (/www/wwwroot/wa-radius.binjaidc.com/node_modules/libsignal/src/session_cipher.js:250:16)
2026-05-26 10:14:30 +07:00:     at process.processTicksAndRejections (node:internal/process/task_queues:95:5)
2026-05-26 10:14:30 +07:00:     at async SessionCipher.decryptWithSessions (/www/wwwroot/wa-radius.binjaidc.com/node_modules/libsignal/src/session_cipher.js:147:29)
2026-05-26 10:14:30 +07:00:     at async 192015757242413.0 [as awaitable] (/www/wwwroot/wa-radius.binjaidc.com/node_modules/libsignal/src/session_cipher.js:171:28)
2026-05-26 10:14:30 +07:00:     at async _asyncQueueExecutor (/www/wwwroot/wa-radius.binjaidc.com/node_modules/libsignal/src/queue_job.js:20:29)
2026-05-26 10:14:31 +07:00: Failed to decrypt message with any known session...
2026-05-26 10:14:31 +07:00: Session error:Error: Bad MAC Error: Bad MAC
2026-05-26 10:14:31 +07:00:     at Object.verifyMAC (/www/wwwroot/wa-radius.binjaidc.com/node_modules/libsignal/src/crypto.js:87:15)
2026-05-26 10:14:31 +07:00:     at SessionCipher.doDecryptWhisperMessage (/www/wwwroot/wa-radius.binjaidc.com/node_modules/libsignal/src/session_cipher.js:250:16)
2026-05-26 10:14:31 +07:00:     at process.processTicksAndRejections (node:internal/process/task_queues:95:5)
2026-05-26 10:14:31 +07:00:     at async SessionCipher.decryptWithSessions (/www/wwwroot/wa-radius.binjaidc.com/node_modules/libsignal/src/session_cipher.js:147:29)
2026-05-26 10:14:31 +07:00:     at async 192015757242413.0 [as awaitable] (/www/wwwroot/wa-radius.binjaidc.com/node_modules/libsignal/src/session_cipher.js:171:28)
2026-05-26 10:14:31 +07:00:     at async _asyncQueueExecutor (/www/wwwroot/wa-radius.binjaidc.com/node_modules/libsignal/src/queue_job.js:20:29)
2026-05-26 10:14:31 +07:00: Session error:Error: Bad MAC Error: Bad MAC
2026-05-26 10:14:31 +07:00:     at Object.verifyMAC (/www/wwwroot/wa-radius.binjaidc.com/node_modules/libsignal/src/crypto.js:87:15)
2026-05-26 10:14:31 +07:00:     at SessionCipher.doDecryptWhisperMessage (/www/wwwroot/wa-radius.binjaidc.com/node_modules/libsignal/src/session_cipher.js:250:16)
2026-05-26 10:14:31 +07:00:     at process.processTicksAndRejections (node:internal/process/task_queues:95:5)
2026-05-26 10:14:31 +07:00:     at async SessionCipher.decryptWithSessions (/www/wwwroot/wa-radius.binjaidc.com/node_modules/libsignal/src/session_cipher.js:147:29)
2026-05-26 10:14:31 +07:00:     at async 192015757242413.0 [as awaitable] (/www/wwwroot/wa-radius.binjaidc.com/node_modules/libsignal/src/session_cipher.js:171:28)
2026-05-26 10:14:31 +07:00:     at async _asyncQueueExecutor (/www/wwwroot/wa-radius.binjaidc.com/node_modules/libsignal/src/queue_job.js:20:29)
2026-05-26 10:14:31 +07:00: Session error:Error: Bad MAC Error: Bad MAC
2026-05-26 10:14:31 +07:00:     at Object.verifyMAC (/www/wwwroot/wa-radius.binjaidc.com/node_modules/libsignal/src/crypto.js:87:15)
2026-05-26 10:14:31 +07:00:     at SessionCipher.doDecryptWhisperMessage (/www/wwwroot/wa-radius.binjaidc.com/node_modules/libsignal/src/session_cipher.js:250:16)
2026-05-26 10:14:31 +07:00:     at process.processTicksAndRejections (node:internal/process/task_queues:95:5)
2026-05-26 10:14:31 +07:00:     at async SessionCipher.decryptWithSessions (/www/wwwroot/wa-radius.binjaidc.com/node_modules/libsignal/src/session_cipher.js:147:29)
2026-05-26 10:14:31 +07:00:     at async 192015757242413.0 [as awaitable] (/www/wwwroot/wa-radius.binjaidc.com/node_modules/libsignal/src/session_cipher.js:171:28)
2026-05-26 10:14:31 +07:00:     at async _asyncQueueExecutor (/www/wwwroot/wa-radius.binjaidc.com/node_modules/libsignal/src/queue_job.js:20:29)
2026-05-26 10:14:31 +07:00: Closing open session in favor of incoming prekey bundle
2026-05-26 10:14:32 +07:00: Closing open session in favor of incoming prekey bundle
2026-05-28 08:03:15 +07:00: Failed to decrypt message with any known session...
2026-05-28 08:03:15 +07:00: Session error:Error: Bad MAC Error: Bad MAC
2026-05-28 08:03:15 +07:00:     at Object.verifyMAC (/www/wwwroot/wa-radius.binjaidc.com/node_modules/libsignal/src/crypto.js:87:15)
2026-05-28 08:03:15 +07:00:     at SessionCipher.doDecryptWhisperMessage (/www/wwwroot/wa-radius.binjaidc.com/node_modules/libsignal/src/session_cipher.js:250:16)
2026-05-28 08:03:15 +07:00:     at async SessionCipher.decryptWithSessions (/www/wwwroot/wa-radius.binjaidc.com/node_modules/libsignal/src/session_cipher.js:147:29)
2026-05-28 08:03:15 +07:00:     at async 74049665421484.0 [as awaitable] (/www/wwwroot/wa-radius.binjaidc.com/node_modules/libsignal/src/session_cipher.js:171:28)
2026-05-28 08:03:15 +07:00:     at async _asyncQueueExecutor (/www/wwwroot/wa-radius.binjaidc.com/node_modules/libsignal/src/queue_job.js:20:29)
2026-05-28 08:03:21 +07:00: Failed to decrypt message with any known session...
2026-05-28 08:03:21 +07:00: Session error:Error: Bad MAC Error: Bad MAC
2026-05-28 08:03:21 +07:00:     at Object.verifyMAC (/www/wwwroot/wa-radius.binjaidc.com/node_modules/libsignal/src/crypto.js:87:15)
2026-05-28 08:03:21 +07:00:     at SessionCipher.doDecryptWhisperMessage (/www/wwwroot/wa-radius.binjaidc.com/node_modules/libsignal/src/session_cipher.js:250:16)
2026-05-28 08:03:21 +07:00:     at process.processTicksAndRejections (node:internal/process/task_queues:95:5)
2026-05-28 08:03:21 +07:00:     at async SessionCipher.decryptWithSessions (/www/wwwroot/wa-radius.binjaidc.com/node_modules/libsignal/src/session_cipher.js:147:29)
2026-05-28 08:03:21 +07:00:     at async 74049665421484.0 [as awaitable] (/www/wwwroot/wa-radius.binjaidc.com/node_modules/libsignal/src/session_cipher.js:171:28)
2026-05-28 08:03:21 +07:00:     at async _asyncQueueExecutor (/www/wwwroot/wa-radius.binjaidc.com/node_modules/libsignal/src/queue_job.js:20:29)
2026-05-28 08:03:22 +07:00: Closing open session in favor of incoming prekey bundle
2026-05-28 09:02:37 +07:00: Failed to decrypt message with any known session...
2026-05-28 09:02:37 +07:00: Session error:Error: Bad MAC Error: Bad MAC
2026-05-28 09:02:37 +07:00:     at Object.verifyMAC (/www/wwwroot/wa-radius.binjaidc.com/node_modules/libsignal/src/crypto.js:87:15)
2026-05-28 09:02:37 +07:00:     at SessionCipher.doDecryptWhisperMessage (/www/wwwroot/wa-radius.binjaidc.com/node_modules/libsignal/src/session_cipher.js:250:16)
2026-05-28 09:02:37 +07:00:     at async SessionCipher.decryptWithSessions (/www/wwwroot/wa-radius.binjaidc.com/node_modules/libsignal/src/session_cipher.js:147:29)
2026-05-28 09:02:37 +07:00:     at async 192015757242413.0 [as awaitable] (/www/wwwroot/wa-radius.binjaidc.com/node_modules/libsignal/src/session_cipher.js:171:28)
2026-05-28 09:02:37 +07:00:     at async _asyncQueueExecutor (/www/wwwroot/wa-radius.binjaidc.com/node_modules/libsignal/src/queue_job.js:20:29)
2026-05-28 09:02:37 +07:00: Session error:Error: Bad MAC Error: Bad MAC
2026-05-28 09:02:37 +07:00:     at Object.verifyMAC (/www/wwwroot/wa-radius.binjaidc.com/node_modules/libsignal/src/crypto.js:87:15)
2026-05-28 09:02:37 +07:00:     at SessionCipher.doDecryptWhisperMessage (/www/wwwroot/wa-radius.binjaidc.com/node_modules/libsignal/src/session_cipher.js:250:16)
2026-05-28 09:02:37 +07:00:     at async SessionCipher.decryptWithSessions (/www/wwwroot/wa-radius.binjaidc.com/node_modules/libsignal/src/session_cipher.js:147:29)
2026-05-28 09:02:37 +07:00:     at async 192015757242413.0 [as awaitable] (/www/wwwroot/wa-radius.binjaidc.com/node_modules/libsignal/src/session_cipher.js:171:28)
2026-05-28 09:02:37 +07:00:     at async _asyncQueueExecutor (/www/wwwroot/wa-radius.binjaidc.com/node_modules/libsignal/src/queue_job.js:20:29)
2026-05-28 09:02:37 +07:00: Session error:Error: Bad MAC Error: Bad MAC
2026-05-28 09:02:37 +07:00:     at Object.verifyMAC (/www/wwwroot/wa-radius.binjaidc.com/node_modules/libsignal/src/crypto.js:87:15)
2026-05-28 09:02:37 +07:00:     at SessionCipher.doDecryptWhisperMessage (/www/wwwroot/wa-radius.binjaidc.com/node_modules/libsignal/src/session_cipher.js:250:16)
2026-05-28 09:02:37 +07:00:     at async SessionCipher.decryptWithSessions (/www/wwwroot/wa-radius.binjaidc.com/node_modules/libsignal/src/session_cipher.js:147:29)
2026-05-28 09:02:37 +07:00:     at async 192015757242413.0 [as awaitable] (/www/wwwroot/wa-radius.binjaidc.com/node_modules/libsignal/src/session_cipher.js:171:28)
2026-05-28 09:02:37 +07:00:     at async _asyncQueueExecutor (/www/wwwroot/wa-radius.binjaidc.com/node_modules/libsignal/src/queue_job.js:20:29)
2026-05-28 09:02:37 +07:00: Session error:Error: Bad MAC Error: Bad MAC
2026-05-28 09:02:37 +07:00:     at Object.verifyMAC (/www/wwwroot/wa-radius.binjaidc.com/node_modules/libsignal/src/crypto.js:87:15)
2026-05-28 09:02:37 +07:00:     at SessionCipher.doDecryptWhisperMessage (/www/wwwroot/wa-radius.binjaidc.com/node_modules/libsignal/src/session_cipher.js:250:16)
2026-05-28 09:02:37 +07:00:     at async SessionCipher.decryptWithSessions (/www/wwwroot/wa-radius.binjaidc.com/node_modules/libsignal/src/session_cipher.js:147:29)
2026-05-28 09:02:37 +07:00:     at async 192015757242413.0 [as awaitable] (/www/wwwroot/wa-radius.binjaidc.com/node_modules/libsignal/src/session_cipher.js:171:28)
2026-05-28 09:02:37 +07:00:     at async _asyncQueueExecutor (/www/wwwroot/wa-radius.binjaidc.com/node_modules/libsignal/src/queue_job.js:20:29)
2026-05-28 09:02:37 +07:00: Failed to decrypt message with any known session...
2026-05-28 09:02:37 +07:00: Session error:Error: Bad MAC Error: Bad MAC
2026-05-28 09:02:37 +07:00:     at Object.verifyMAC (/www/wwwroot/wa-radius.binjaidc.com/node_modules/libsignal/src/crypto.js:87:15)
2026-05-28 09:02:37 +07:00:     at SessionCipher.doDecryptWhisperMessage (/www/wwwroot/wa-radius.binjaidc.com/node_modules/libsignal/src/session_cipher.js:250:16)
2026-05-28 09:02:37 +07:00:     at async SessionCipher.decryptWithSessions (/www/wwwroot/wa-radius.binjaidc.com/node_modules/libsignal/src/session_cipher.js:147:29)
2026-05-28 09:02:37 +07:00:     at async 192015757242413.0 [as awaitable] (/www/wwwroot/wa-radius.binjaidc.com/node_modules/libsignal/src/session_cipher.js:171:28)
2026-05-28 09:02:37 +07:00:     at async _asyncQueueExecutor (/www/wwwroot/wa-radius.binjaidc.com/node_modules/libsignal/src/queue_job.js:20:29)
2026-05-28 09:02:37 +07:00: Session error:Error: Bad MAC Error: Bad MAC
2026-05-28 09:02:37 +07:00:     at Object.verifyMAC (/www/wwwroot/wa-radius.binjaidc.com/node_modules/libsignal/src/crypto.js:87:15)
2026-05-28 09:02:37 +07:00:     at SessionCipher.doDecryptWhisperMessage (/www/wwwroot/wa-radius.binjaidc.com/node_modules/libsignal/src/session_cipher.js:250:16)
2026-05-28 09:02:37 +07:00:     at async SessionCipher.decryptWithSessions (/www/wwwroot/wa-radius.binjaidc.com/node_modules/libsignal/src/session_cipher.js:147:29)
2026-05-28 09:02:37 +07:00:     at async 192015757242413.0 [as awaitable] (/www/wwwroot/wa-radius.binjaidc.com/node_modules/libsignal/src/session_cipher.js:171:28)
2026-05-28 09:02:37 +07:00:     at async _asyncQueueExecutor (/www/wwwroot/wa-radius.binjaidc.com/node_modules/libsignal/src/queue_job.js:20:29)
2026-05-28 09:02:37 +07:00: Session error:Error: Bad MAC Error: Bad MAC
2026-05-28 09:02:37 +07:00:     at Object.verifyMAC (/www/wwwroot/wa-radius.binjaidc.com/node_modules/libsignal/src/crypto.js:87:15)
2026-05-28 09:02:37 +07:00:     at SessionCipher.doDecryptWhisperMessage (/www/wwwroot/wa-radius.binjaidc.com/node_modules/libsignal/src/session_cipher.js:250:16)
2026-05-28 09:02:37 +07:00:     at async SessionCipher.decryptWithSessions (/www/wwwroot/wa-radius.binjaidc.com/node_modules/libsignal/src/session_cipher.js:147:29)
2026-05-28 09:02:37 +07:00:     at async 192015757242413.0 [as awaitable] (/www/wwwroot/wa-radius.binjaidc.com/node_modules/libsignal/src/session_cipher.js:171:28)
2026-05-28 09:02:37 +07:00:     at async _asyncQueueExecutor (/www/wwwroot/wa-radius.binjaidc.com/node_modules/libsignal/src/queue_job.js:20:29)
2026-05-28 09:02:37 +07:00: Session error:Error: Bad MAC Error: Bad MAC
2026-05-28 09:02:37 +07:00:     at Object.verifyMAC (/www/wwwroot/wa-radius.binjaidc.com/node_modules/libsignal/src/crypto.js:87:15)
2026-05-28 09:02:37 +07:00:     at SessionCipher.doDecryptWhisperMessage (/www/wwwroot/wa-radius.binjaidc.com/node_modules/libsignal/src/session_cipher.js:250:16)
2026-05-28 09:02:37 +07:00:     at async SessionCipher.decryptWithSessions (/www/wwwroot/wa-radius.binjaidc.com/node_modules/libsignal/src/session_cipher.js:147:29)
2026-05-28 09:02:37 +07:00:     at async 192015757242413.0 [as awaitable] (/www/wwwroot/wa-radius.binjaidc.com/node_modules/libsignal/src/session_cipher.js:171:28)
2026-05-28 09:02:37 +07:00:     at async _asyncQueueExecutor (/www/wwwroot/wa-radius.binjaidc.com/node_modules/libsignal/src/queue_job.js:20:29)
2026-05-28 09:02:37 +07:00: Session error:Error: Bad MAC Error: Bad MAC
2026-05-28 09:02:37 +07:00:     at Object.verifyMAC (/www/wwwroot/wa-radius.binjaidc.com/node_modules/libsignal/src/crypto.js:87:15)
2026-05-28 09:02:37 +07:00:     at SessionCipher.doDecryptWhisperMessage (/www/wwwroot/wa-radius.binjaidc.com/node_modules/libsignal/src/session_cipher.js:250:16)
2026-05-28 09:02:37 +07:00:     at async SessionCipher.decryptWithSessions (/www/wwwroot/wa-radius.binjaidc.com/node_modules/libsignal/src/session_cipher.js:147:29)
2026-05-28 09:02:37 +07:00:     at async 192015757242413.0 [as awaitable] (/www/wwwroot/wa-radius.binjaidc.com/node_modules/libsignal/src/session_cipher.js:171:28)
2026-05-28 09:02:37 +07:00:     at async _asyncQueueExecutor (/www/wwwroot/wa-radius.binjaidc.com/node_modules/libsignal/src/queue_job.js:20:29)
2026-05-28 09:02:37 +07:00: Session error:Error: Bad MAC Error: Bad MAC
2026-05-28 09:02:37 +07:00:     at Object.verifyMAC (/www/wwwroot/wa-radius.binjaidc.com/node_modules/libsignal/src/crypto.js:87:15)
2026-05-28 09:02:37 +07:00:     at SessionCipher.doDecryptWhisperMessage (/www/wwwroot/wa-radius.binjaidc.com/node_modules/libsignal/src/session_cipher.js:250:16)
2026-05-28 09:02:37 +07:00:     at async SessionCipher.decryptWithSessions (/www/wwwroot/wa-radius.binjaidc.com/node_modules/libsignal/src/session_cipher.js:147:29)
2026-05-28 09:02:37 +07:00:     at async 192015757242413.0 [as awaitable] (/www/wwwroot/wa-radius.binjaidc.com/node_modules/libsignal/src/session_cipher.js:171:28)
2026-05-28 09:02:37 +07:00:     at async _asyncQueueExecutor (/www/wwwroot/wa-radius.binjaidc.com/node_modules/libsignal/src/queue_job.js:20:29)
2026-05-28 09:02:37 +07:00: Session error:Error: Bad MAC Error: Bad MAC
2026-05-28 09:02:37 +07:00:     at Object.verifyMAC (/www/wwwroot/wa-radius.binjaidc.com/node_modules/libsignal/src/crypto.js:87:15)
2026-05-28 09:02:37 +07:00:     at SessionCipher.doDecryptWhisperMessage (/www/wwwroot/wa-radius.binjaidc.com/node_modules/libsignal/src/session_cipher.js:250:16)
2026-05-28 09:02:37 +07:00:     at async SessionCipher.decryptWithSessions (/www/wwwroot/wa-radius.binjaidc.com/node_modules/libsignal/src/session_cipher.js:147:29)
2026-05-28 09:02:37 +07:00:     at async 192015757242413.0 [as awaitable] (/www/wwwroot/wa-radius.binjaidc.com/node_modules/libsignal/src/session_cipher.js:171:28)
2026-05-28 09:02:37 +07:00:     at async _asyncQueueExecutor (/www/wwwroot/wa-radius.binjaidc.com/node_modules/libsignal/src/queue_job.js:20:29)
2026-05-28 09:02:37 +07:00: Session error:Error: Bad MAC Error: Bad MAC
2026-05-28 09:02:37 +07:00:     at Object.verifyMAC (/www/wwwroot/wa-radius.binjaidc.com/node_modules/libsignal/src/crypto.js:87:15)
2026-05-28 09:02:37 +07:00:     at SessionCipher.doDecryptWhisperMessage (/www/wwwroot/wa-radius.binjaidc.com/node_modules/libsignal/src/session_cipher.js:250:16)
2026-05-28 09:02:37 +07:00:     at async SessionCipher.decryptWithSessions (/www/wwwroot/wa-radius.binjaidc.com/node_modules/libsignal/src/session_cipher.js:147:29)
2026-05-28 09:02:37 +07:00:     at async 192015757242413.0 [as awaitable] (/www/wwwroot/wa-radius.binjaidc.com/node_modules/libsignal/src/session_cipher.js:171:28)
2026-05-28 09:02:37 +07:00:     at async _asyncQueueExecutor (/www/wwwroot/wa-radius.binjaidc.com/node_modules/libsignal/src/queue_job.js:20:29)
2026-05-28 09:02:43 +07:00: Failed to decrypt message with any known session...
2026-05-28 09:02:43 +07:00: Session error:Error: Bad MAC Error: Bad MAC
2026-05-28 09:02:43 +07:00:     at Object.verifyMAC (/www/wwwroot/wa-radius.binjaidc.com/node_modules/libsignal/src/crypto.js:87:15)
2026-05-28 09:02:43 +07:00:     at SessionCipher.doDecryptWhisperMessage (/www/wwwroot/wa-radius.binjaidc.com/node_modules/libsignal/src/session_cipher.js:250:16)
2026-05-28 09:02:43 +07:00:     at async SessionCipher.decryptWithSessions (/www/wwwroot/wa-radius.binjaidc.com/node_modules/libsignal/src/session_cipher.js:147:29)
2026-05-28 09:02:43 +07:00:     at async 192015757242413.0 [as awaitable] (/www/wwwroot/wa-radius.binjaidc.com/node_modules/libsignal/src/session_cipher.js:171:28)
2026-05-28 09:02:43 +07:00:     at async _asyncQueueExecutor (/www/wwwroot/wa-radius.binjaidc.com/node_modules/libsignal/src/queue_job.js:20:29)
2026-05-28 09:02:43 +07:00: Session error:Error: Bad MAC Error: Bad MAC
2026-05-28 09:02:43 +07:00:     at Object.verifyMAC (/www/wwwroot/wa-radius.binjaidc.com/node_modules/libsignal/src/crypto.js:87:15)
2026-05-28 09:02:43 +07:00:     at SessionCipher.doDecryptWhisperMessage (/www/wwwroot/wa-radius.binjaidc.com/node_modules/libsignal/src/session_cipher.js:250:16)
2026-05-28 09:02:43 +07:00:     at async SessionCipher.decryptWithSessions (/www/wwwroot/wa-radius.binjaidc.com/node_modules/libsignal/src/session_cipher.js:147:29)
2026-05-28 09:02:43 +07:00:     at async 192015757242413.0 [as awaitable] (/www/wwwroot/wa-radius.binjaidc.com/node_modules/libsignal/src/session_cipher.js:171:28)
2026-05-28 09:02:43 +07:00:     at async _asyncQueueExecutor (/www/wwwroot/wa-radius.binjaidc.com/node_modules/libsignal/src/queue_job.js:20:29)
2026-05-28 09:02:43 +07:00: Session error:Error: Bad MAC Error: Bad MAC
2026-05-28 09:02:43 +07:00:     at Object.verifyMAC (/www/wwwroot/wa-radius.binjaidc.com/node_modules/libsignal/src/crypto.js:87:15)
2026-05-28 09:02:43 +07:00:     at SessionCipher.doDecryptWhisperMessage (/www/wwwroot/wa-radius.binjaidc.com/node_modules/libsignal/src/session_cipher.js:250:16)
2026-05-28 09:02:43 +07:00:     at async SessionCipher.decryptWithSessions (/www/wwwroot/wa-radius.binjaidc.com/node_modules/libsignal/src/session_cipher.js:147:29)
2026-05-28 09:02:43 +07:00:     at async 192015757242413.0 [as awaitable] (/www/wwwroot/wa-radius.binjaidc.com/node_modules/libsignal/src/session_cipher.js:171:28)
2026-05-28 09:02:43 +07:00:     at async _asyncQueueExecutor (/www/wwwroot/wa-radius.binjaidc.com/node_modules/libsignal/src/queue_job.js:20:29)
2026-05-28 09:02:43 +07:00: Session error:Error: Bad MAC Error: Bad MAC
2026-05-28 09:02:43 +07:00:     at Object.verifyMAC (/www/wwwroot/wa-radius.binjaidc.com/node_modules/libsignal/src/crypto.js:87:15)
2026-05-28 09:02:43 +07:00:     at SessionCipher.doDecryptWhisperMessage (/www/wwwroot/wa-radius.binjaidc.com/node_modules/libsignal/src/session_cipher.js:250:16)
2026-05-28 09:02:43 +07:00:     at async SessionCipher.decryptWithSessions (/www/wwwroot/wa-radius.binjaidc.com/node_modules/libsignal/src/session_cipher.js:147:29)
2026-05-28 09:02:43 +07:00:     at async 192015757242413.0 [as awaitable] (/www/wwwroot/wa-radius.binjaidc.com/node_modules/libsignal/src/session_cipher.js:171:28)
2026-05-28 09:02:43 +07:00:     at async _asyncQueueExecutor (/www/wwwroot/wa-radius.binjaidc.com/node_modules/libsignal/src/queue_job.js:20:29)
2026-05-28 09:02:43 +07:00: Failed to decrypt message with any known session...
2026-05-28 09:02:43 +07:00: Session error:Error: Bad MAC Error: Bad MAC
2026-05-28 09:02:43 +07:00:     at Object.verifyMAC (/www/wwwroot/wa-radius.binjaidc.com/node_modules/libsignal/src/crypto.js:87:15)
2026-05-28 09:02:43 +07:00:     at SessionCipher.doDecryptWhisperMessage (/www/wwwroot/wa-radius.binjaidc.com/node_modules/libsignal/src/session_cipher.js:250:16)
2026-05-28 09:02:43 +07:00:     at process.processTicksAndRejections (node:internal/process/task_queues:95:5)
2026-05-28 09:02:43 +07:00:     at async SessionCipher.decryptWithSessions (/www/wwwroot/wa-radius.binjaidc.com/node_modules/libsignal/src/session_cipher.js:147:29)
2026-05-28 09:02:43 +07:00:     at async 192015757242413.0 [as awaitable] (/www/wwwroot/wa-radius.binjaidc.com/node_modules/libsignal/src/session_cipher.js:171:28)
2026-05-28 09:02:43 +07:00:     at async _asyncQueueExecutor (/www/wwwroot/wa-radius.binjaidc.com/node_modules/libsignal/src/queue_job.js:20:29)
2026-05-28 09:02:43 +07:00: Session error:Error: Bad MAC Error: Bad MAC
2026-05-28 09:02:43 +07:00:     at Object.verifyMAC (/www/wwwroot/wa-radius.binjaidc.com/node_modules/libsignal/src/crypto.js:87:15)
2026-05-28 09:02:43 +07:00:     at SessionCipher.doDecryptWhisperMessage (/www/wwwroot/wa-radius.binjaidc.com/node_modules/libsignal/src/session_cipher.js:250:16)
2026-05-28 09:02:43 +07:00:     at process.processTicksAndRejections (node:internal/process/task_queues:95:5)
2026-05-28 09:02:43 +07:00:     at async SessionCipher.decryptWithSessions (/www/wwwroot/wa-radius.binjaidc.com/node_modules/libsignal/src/session_cipher.js:147:29)
2026-05-28 09:02:43 +07:00:     at async 192015757242413.0 [as awaitable] (/www/wwwroot/wa-radius.binjaidc.com/node_modules/libsignal/src/session_cipher.js:171:28)
2026-05-28 09:02:43 +07:00:     at async _asyncQueueExecutor (/www/wwwroot/wa-radius.binjaidc.com/node_modules/libsignal/src/queue_job.js:20:29)
2026-05-28 09:02:43 +07:00: Session error:Error: Bad MAC Error: Bad MAC
2026-05-28 09:02:43 +07:00:     at Object.verifyMAC (/www/wwwroot/wa-radius.binjaidc.com/node_modules/libsignal/src/crypto.js:87:15)
2026-05-28 09:02:43 +07:00:     at SessionCipher.doDecryptWhisperMessage (/www/wwwroot/wa-radius.binjaidc.com/node_modules/libsignal/src/session_cipher.js:250:16)
2026-05-28 09:02:43 +07:00:     at process.processTicksAndRejections (node:internal/process/task_queues:95:5)
2026-05-28 09:02:43 +07:00:     at async SessionCipher.decryptWithSessions (/www/wwwroot/wa-radius.binjaidc.com/node_modules/libsignal/src/session_cipher.js:147:29)
2026-05-28 09:02:43 +07:00:     at async 192015757242413.0 [as awaitable] (/www/wwwroot/wa-radius.binjaidc.com/node_modules/libsignal/src/session_cipher.js:171:28)
2026-05-28 09:02:43 +07:00:     at async _asyncQueueExecutor (/www/wwwroot/wa-radius.binjaidc.com/node_modules/libsignal/src/queue_job.js:20:29)
2026-05-28 09:02:43 +07:00: Session error:Error: Bad MAC Error: Bad MAC
2026-05-28 09:02:43 +07:00:     at Object.verifyMAC (/www/wwwroot/wa-radius.binjaidc.com/node_modules/libsignal/src/crypto.js:87:15)
2026-05-28 09:02:43 +07:00:     at SessionCipher.doDecryptWhisperMessage (/www/wwwroot/wa-radius.binjaidc.com/node_modules/libsignal/src/session_cipher.js:250:16)
2026-05-28 09:02:43 +07:00:     at process.processTicksAndRejections (node:internal/process/task_queues:95:5)
2026-05-28 09:02:43 +07:00:     at async SessionCipher.decryptWithSessions (/www/wwwroot/wa-radius.binjaidc.com/node_modules/libsignal/src/session_cipher.js:147:29)
2026-05-28 09:02:43 +07:00:     at async 192015757242413.0 [as awaitable] (/www/wwwroot/wa-radius.binjaidc.com/node_modules/libsignal/src/session_cipher.js:171:28)
2026-05-28 09:02:43 +07:00:     at async _asyncQueueExecutor (/www/wwwroot/wa-radius.binjaidc.com/node_modules/libsignal/src/queue_job.js:20:29)
2026-05-28 09:02:43 +07:00: Session error:Error: Bad MAC Error: Bad MAC
2026-05-28 09:02:43 +07:00:     at Object.verifyMAC (/www/wwwroot/wa-radius.binjaidc.com/node_modules/libsignal/src/crypto.js:87:15)
2026-05-28 09:02:43 +07:00:     at SessionCipher.doDecryptWhisperMessage (/www/wwwroot/wa-radius.binjaidc.com/node_modules/libsignal/src/session_cipher.js:250:16)
2026-05-28 09:02:43 +07:00:     at process.processTicksAndRejections (node:internal/process/task_queues:95:5)
2026-05-28 09:02:43 +07:00:     at async SessionCipher.decryptWithSessions (/www/wwwroot/wa-radius.binjaidc.com/node_modules/libsignal/src/session_cipher.js:147:29)
2026-05-28 09:02:43 +07:00:     at async 192015757242413.0 [as awaitable] (/www/wwwroot/wa-radius.binjaidc.com/node_modules/libsignal/src/session_cipher.js:171:28)
2026-05-28 09:02:43 +07:00:     at async _asyncQueueExecutor (/www/wwwroot/wa-radius.binjaidc.com/node_modules/libsignal/src/queue_job.js:20:29)
2026-05-28 09:02:43 +07:00: Session error:Error: Bad MAC Error: Bad MAC
2026-05-28 09:02:43 +07:00:     at Object.verifyMAC (/www/wwwroot/wa-radius.binjaidc.com/node_modules/libsignal/src/crypto.js:87:15)
2026-05-28 09:02:43 +07:00:     at SessionCipher.doDecryptWhisperMessage (/www/wwwroot/wa-radius.binjaidc.com/node_modules/libsignal/src/session_cipher.js:250:16)
2026-05-28 09:02:43 +07:00:     at process.processTicksAndRejections (node:internal/process/task_queues:95:5)
2026-05-28 09:02:43 +07:00:     at async SessionCipher.decryptWithSessions (/www/wwwroot/wa-radius.binjaidc.com/node_modules/libsignal/src/session_cipher.js:147:29)
2026-05-28 09:02:43 +07:00:     at async 192015757242413.0 [as awaitable] (/www/wwwroot/wa-radius.binjaidc.com/node_modules/libsignal/src/session_cipher.js:171:28)
2026-05-28 09:02:43 +07:00:     at async _asyncQueueExecutor (/www/wwwroot/wa-radius.binjaidc.com/node_modules/libsignal/src/queue_job.js:20:29)
2026-05-28 09:02:43 +07:00: Session error:Error: Bad MAC Error: Bad MAC
2026-05-28 09:02:43 +07:00:     at Object.verifyMAC (/www/wwwroot/wa-radius.binjaidc.com/node_modules/libsignal/src/crypto.js:87:15)
2026-05-28 09:02:43 +07:00:     at SessionCipher.doDecryptWhisperMessage (/www/wwwroot/wa-radius.binjaidc.com/node_modules/libsignal/src/session_cipher.js:250:16)
2026-05-28 09:02:43 +07:00:     at process.processTicksAndRejections (node:internal/process/task_queues:95:5)
2026-05-28 09:02:43 +07:00:     at async SessionCipher.decryptWithSessions (/www/wwwroot/wa-radius.binjaidc.com/node_modules/libsignal/src/session_cipher.js:147:29)
2026-05-28 09:02:43 +07:00:     at async 192015757242413.0 [as awaitable] (/www/wwwroot/wa-radius.binjaidc.com/node_modules/libsignal/src/session_cipher.js:171:28)
2026-05-28 09:02:43 +07:00:     at async _asyncQueueExecutor (/www/wwwroot/wa-radius.binjaidc.com/node_modules/libsignal/src/queue_job.js:20:29)
2026-05-28 09:02:43 +07:00: Session error:Error: Bad MAC Error: Bad MAC
2026-05-28 09:02:43 +07:00:     at Object.verifyMAC (/www/wwwroot/wa-radius.binjaidc.com/node_modules/libsignal/src/crypto.js:87:15)
2026-05-28 09:02:43 +07:00:     at SessionCipher.doDecryptWhisperMessage (/www/wwwroot/wa-radius.binjaidc.com/node_modules/libsignal/src/session_cipher.js:250:16)
2026-05-28 09:02:43 +07:00:     at process.processTicksAndRejections (node:internal/process/task_queues:95:5)
2026-05-28 09:02:43 +07:00:     at async SessionCipher.decryptWithSessions (/www/wwwroot/wa-radius.binjaidc.com/node_modules/libsignal/src/session_cipher.js:147:29)
2026-05-28 09:02:43 +07:00:     at async 192015757242413.0 [as awaitable] (/www/wwwroot/wa-radius.binjaidc.com/node_modules/libsignal/src/session_cipher.js:171:28)
2026-05-28 09:02:43 +07:00:     at async _asyncQueueExecutor (/www/wwwroot/wa-radius.binjaidc.com/node_modules/libsignal/src/queue_job.js:20:29)
2026-05-28 09:02:44 +07:00: Closing open session in favor of incoming prekey bundle
2026-05-28 09:02:44 +07:00: Closing open session in favor of incoming prekey bundle
